2019-01-02 12:34:25,124 [Worker-1366] INFO  o.e.m.c.i.e.AbstractTransferListenerAdapter - Downloading http://repo.maven.apache.org/maven2/org/apache/maven/plugins/maven-compiler-plugin/2.5.1/maven-compiler-plugin-2.5.1.jar
2019-01-02 12:34:25,646 [Worker-1366] INFO  o.e.m.c.i.e.AbstractTransferListenerAdapter - Downloaded http://repo.maven.apache.org/maven2/org/apache/maven/plugins/maven-compiler-plugin/2.5.1/maven-compiler-plugin-2.5.1.jar
2019-01-02 12:34:26,350 [Worker-1366] INFO  o.e.m.c.i.e.AbstractTransferListenerAdapter - Downloading http://repo.maven.apache.org/maven2/org/apache/maven/plugins/maven-compiler-plugin/2.5.1/maven-compiler-plugin-2.5.1.pom
2019-01-02 12:34:26,737 [Worker-1366] INFO  o.e.m.c.i.e.AbstractTransferListenerAdapter - Downloaded http://repo.maven.apache.org/maven2/org/apache/maven/plugins/maven-compiler-plugin/2.5.1/maven-compiler-plugin-2.5.1.pom
2019-01-02 12:34:27,138 [Worker-1366] INFO  o.e.m.c.i.e.AbstractTransferListenerAdapter - Downloading http://repo.maven.apache.org/maven2/org/apache/maven/maven-plugin-api/2.0.9/maven-plugin-api-2.0.9.pom
2019-01-02 12:34:27,649 [Worker-1366] INFO  o.e.m.c.i.e.AbstractTransferListenerAdapter - Downloaded http://repo.maven.apache.org/maven2/org/apache/maven/maven-plugin-api/2.0.9/maven-plugin-api-2.0.9.pom
2019-01-02 12:34:28,017 [Worker-1366] INFO  o.e.m.c.i.e.AbstractTransferListenerAdapter - Downloading http://repo.maven.apache.org/maven2/org/apache/maven/maven/2.0.9/maven-2.0.9.pom
2019-01-02 12:34:28,488 [Worker-1366] INFO  o.e.m.c.i.e.AbstractTransferListenerAdapter - Downloaded http://repo.maven.apache.org/maven2/org/apache/maven/maven/2.0.9/maven-2.0.9.pom
2019-01-02 12:34:28,802 [Worker-1366] INFO  o.e.m.c.i.e.AbstractTransferListenerAdapter - Downloading http://repo.maven.apache.org/maven2/org/apache/maven/maven-parent/8/maven-parent-8.pom
2019-01-02 12:34:29,369 [Worker-1366] INFO  o.e.m.c.i.e.AbstractTransferListenerAdapter - Downloaded http://repo.maven.apache.org/maven2/org/apache/maven/maven-parent/8/maven-parent-8.pom
2019-01-02 12:34:30,882 [Worker-1366] INFO  o.e.m.c.i.e.AbstractTransferListenerAdapter - Downloading http://repo.maven.apache.org/maven2/org/apache/maven/maven-artifact/2.0.9/maven-artifact-2.0.9.pom
2019-01-02 12:34:31,387 [Worker-1366] INFO  o.e.m.c.i.e.AbstractTransferListenerAdapter - Downloaded http://repo.maven.apache.org/maven2/org/apache/maven/maven-artifact/2.0.9/maven-artifact-2.0.9.pom
2019-01-02 12:34:31,655 [Worker-1366] INFO  o.e.m.c.i.e.AbstractTransferListenerAdapter - Downloading http://repo.maven.apache.org/maven2/org/codehaus/plexus/plexus-utils/1.5.1/plexus-utils-1.5.1.pom
2019-01-02 12:34:32,473 [Worker-1366] INFO  o.e.m.c.i.e.AbstractTransferListenerAdapter - Downloaded http://repo.maven.apache.org/maven2/org/codehaus/plexus/plexus-utils/1.5.1/plexus-utils-1.5.1.pom
2019-01-02 12:34:32,692 [Worker-1366] INFO  o.e.m.c.i.e.AbstractTransferListenerAdapter - Downloading http://repo.maven.apache.org/maven2/org/apache/maven/maven-core/2.0.9/maven-core-2.0.9.pom
2019-01-02 12:34:33,229 [Worker-1366] INFO  o.e.m.c.i.e.AbstractTransferListenerAdapter - Downloaded http://repo.maven.apache.org/maven2/org/apache/maven/maven-core/2.0.9/maven-core-2.0.9.pom
2019-01-02 12:34:33,473 [Worker-1366] INFO  o.e.m.c.i.e.AbstractTransferListenerAdapter - Downloading http://repo.maven.apache.org/maven2/org/apache/maven/maven-settings/2.0.9/maven-settings-2.0.9.pom
2019-01-02 12:34:33,882 [Worker-1366] INFO  o.e.m.c.i.e.AbstractTransferListenerAdapter - Downloaded http://repo.maven.apache.org/maven2/org/apache/maven/maven-settings/2.0.9/maven-settings-2.0.9.pom
2019-01-02 12:34:34,682 [Worker-1366] INFO  o.e.m.c.i.e.AbstractTransferListenerAdapter - Downloading http://repo.maven.apache.org/maven2/org/apache/maven/maven-model/2.0.9/maven-model-2.0.9.pom
2019-01-02 12:34:35,457 [Worker-1366] INFO  o.e.m.c.i.e.AbstractTransferListenerAdapter - Downloaded http://repo.maven.apache.org/maven2/org/apache/maven/maven-model/2.0.9/maven-model-2.0.9.pom
2019-01-02 12:34:35,689 [Worker-1366] INFO  o.e.m.c.i.e.AbstractTransferListenerAdapter - Downloading http://repo.maven.apache.org/maven2/org/apache/maven/maven-plugin-parameter-documenter/2.0.9/maven-plugin-parameter-documenter-2.0.9.pom
2019-01-02 12:34:36,116 [Worker-1366] INFO  o.e.m.c.i.e.AbstractTransferListenerAdapter - Downloaded http://repo.maven.apache.org/maven2/org/apache/maven/maven-plugin-parameter-documenter/2.0.9/maven-plugin-parameter-documenter-2.0.9.pom
2019-01-02 12:34:36,353 [Worker-1366] INFO  o.e.m.c.i.e.AbstractTransferListenerAdapter - Downloading http://repo.maven.apache.org/maven2/org/apache/maven/maven-profile/2.0.9/maven-profile-2.0.9.pom
2019-01-02 12:34:36,736 [Worker-1366] INFO  o.e.m.c.i.e.AbstractTransferListenerAdapter - Downloaded http://repo.maven.apache.org/maven2/org/apache/maven/maven-profile/2.0.9/maven-profile-2.0.9.pom
2019-01-02 12:34:36,951 [Worker-1366] INFO  o.e.m.c.i.e.AbstractTransferListenerAdapter - Downloading http://repo.maven.apache.org/maven2/org/apache/maven/maven-repository-metadata/2.0.9/maven-repository-metadata-2.0.9.pom
2019-01-02 12:34:37,380 [Worker-1366] INFO  o.e.m.c.i.e.AbstractTransferListenerAdapter - Downloaded http://repo.maven.apache.org/maven2/org/apache/maven/maven-repository-metadata/2.0.9/maven-repository-metadata-2.0.9.pom
2019-01-02 12:34:37,610 [Worker-1366] INFO  o.e.m.c.i.e.AbstractTransferListenerAdapter - Downloading http://repo.maven.apache.org/maven2/org/apache/maven/maven-error-diagnostics/2.0.9/maven-error-diagnostics-2.0.9.pom
2019-01-02 12:34:38,109 [Worker-1366] INFO  o.e.m.c.i.e.AbstractTransferListenerAdapter - Downloaded http://repo.maven.apache.org/maven2/org/apache/maven/maven-error-diagnostics/2.0.9/maven-error-diagnostics-2.0.9.pom
2019-01-02 12:34:38,345 [Worker-1366] INFO  o.e.m.c.i.e.AbstractTransferListenerAdapter - Downloading http://repo.maven.apache.org/maven2/org/apache/maven/maven-project/2.0.9/maven-project-2.0.9.pom
2019-01-02 12:34:39,039 [Worker-1366] INFO  o.e.m.c.i.e.AbstractTransferListenerAdapter - Downloaded http://repo.maven.apache.org/maven2/org/apache/maven/maven-project/2.0.9/maven-project-2.0.9.pom
2019-01-02 12:34:39,638 [Worker-1366] INFO  o.e.m.c.i.e.AbstractTransferListenerAdapter - Downloading http://repo.maven.apache.org/maven2/org/apache/maven/maven-artifact-manager/2.0.9/maven-artifact-manager-2.0.9.pom
2019-01-02 12:34:40,181 [Worker-1366] INFO  o.e.m.c.i.e.AbstractTransferListenerAdapter - Downloaded http://repo.maven.apache.org/maven2/org/apache/maven/maven-artifact-manager/2.0.9/maven-artifact-manager-2.0.9.pom
2019-01-02 12:34:40,990 [Worker-1366] INFO  o.e.m.c.i.e.AbstractTransferListenerAdapter - Downloading http://repo.maven.apache.org/maven2/org/apache/maven/maven-plugin-registry/2.0.9/maven-plugin-registry-2.0.9.pom
2019-01-02 12:34:41,768 [Worker-1366] INFO  o.e.m.c.i.e.AbstractTransferListenerAdapter - Downloaded http://repo.maven.apache.org/maven2/org/apache/maven/maven-plugin-registry/2.0.9/maven-plugin-registry-2.0.9.pom
2019-01-02 12:34:42,141 [Worker-1366] INFO  o.e.m.c.i.e.AbstractTransferListenerAdapter - Downloading http://repo.maven.apache.org/maven2/org/apache/maven/maven-plugin-descriptor/2.0.9/maven-plugin-descriptor-2.0.9.pom
2019-01-02 12:34:42,952 [Worker-1366] INFO  o.e.m.c.i.e.AbstractTransferListenerAdapter - Downloaded http://repo.maven.apache.org/maven2/org/apache/maven/maven-plugin-descriptor/2.0.9/maven-plugin-descriptor-2.0.9.pom
2019-01-02 12:34:43,417 [Worker-1366] INFO  o.e.m.c.i.e.AbstractTransferListenerAdapter - Downloading http://repo.maven.apache.org/maven2/org/apache/maven/maven-monitor/2.0.9/maven-monitor-2.0.9.pom
2019-01-02 12:34:44,499 [Worker-1366] INFO  o.e.m.c.i.e.AbstractTransferListenerAdapter - Downloaded http://repo.maven.apache.org/maven2/org/apache/maven/maven-monitor/2.0.9/maven-monitor-2.0.9.pom
2019-01-02 12:34:45,681 [Worker-1366] INFO  o.e.m.c.i.e.AbstractTransferListenerAdapter - Downloading http://repo.maven.apache.org/maven2/org/apache/maven/maven-toolchain/1.0/maven-toolchain-1.0.pom
2019-01-02 12:34:46,534 [Worker-1366] INFO  o.e.m.c.i.e.AbstractTransferListenerAdapter - Downloaded http://repo.maven.apache.org/maven2/org/apache/maven/maven-toolchain/1.0/maven-toolchain-1.0.pom
2019-01-02 12:34:47,070 [Worker-1366] INFO  o.e.m.c.i.e.AbstractTransferListenerAdapter - Downloading http://repo.maven.apache.org/maven2/org/codehaus/plexus/plexus-compiler-api/1.9.1/plexus-compiler-api-1.9.1.pom
2019-01-02 12:34:47,832 [Worker-1366] INFO  o.e.m.c.i.e.AbstractTransferListenerAdapter - Downloaded http://repo.maven.apache.org/maven2/org/codehaus/plexus/plexus-compiler-api/1.9.1/plexus-compiler-api-1.9.1.pom
2019-01-02 12:34:48,282 [Worker-1366] INFO  o.e.m.c.i.e.AbstractTransferListenerAdapter - Downloading http://repo.maven.apache.org/maven2/org/codehaus/plexus/plexus-compiler/1.9.1/plexus-compiler-1.9.1.pom
2019-01-02 12:34:49,047 [Worker-1366] INFO  o.e.m.c.i.e.AbstractTransferListenerAdapter - Downloaded http://repo.maven.apache.org/maven2/org/codehaus/plexus/plexus-compiler/1.9.1/plexus-compiler-1.9.1.pom
2019-01-02 12:34:49,424 [Worker-1366] INFO  o.e.m.c.i.e.AbstractTransferListenerAdapter - Downloading http://repo.maven.apache.org/maven2/org/codehaus/plexus/plexus-components/1.1.20/plexus-components-1.1.20.pom
2019-01-02 12:34:50,058 [Worker-1366] INFO  o.e.m.c.i.e.AbstractTransferListenerAdapter - Downloaded http://repo.maven.apache.org/maven2/org/codehaus/plexus/plexus-components/1.1.20/plexus-components-1.1.20.pom
2019-01-02 12:34:50,441 [Worker-1366] INFO  o.e.m.c.i.e.AbstractTransferListenerAdapter - Downloading http://repo.maven.apache.org/maven2/org/codehaus/plexus/plexus/3.1/plexus-3.1.pom
2019-01-02 12:34:51,244 [Worker-1366] INFO  o.e.m.c.i.e.AbstractTransferListenerAdapter - Downloaded http://repo.maven.apache.org/maven2/org/codehaus/plexus/plexus/3.1/plexus-3.1.pom
2019-01-02 12:34:51,618 [Worker-1366] INFO  o.e.m.c.i.e.AbstractTransferListenerAdapter - Downloading http://repo.maven.apache.org/maven2/org/codehaus/plexus/plexus-compiler-manager/1.9.1/plexus-compiler-manager-1.9.1.pom
2019-01-02 12:34:53,380 [Worker-1366] INFO  o.e.m.c.i.e.AbstractTransferListenerAdapter - Downloaded http://repo.maven.apache.org/maven2/org/codehaus/plexus/plexus-compiler-manager/1.9.1/plexus-compiler-manager-1.9.1.pom
2019-01-02 12:34:53,828 [Worker-1366] INFO  o.e.m.c.i.e.AbstractTransferListenerAdapter - Downloading http://repo.maven.apache.org/maven2/org/codehaus/plexus/plexus-compiler-javac/1.9.1/plexus-compiler-javac-1.9.1.pom
2019-01-02 12:34:54,499 [Worker-1366] INFO  o.e.m.c.i.e.AbstractTransferListenerAdapter - Downloaded http://repo.maven.apache.org/maven2/org/codehaus/plexus/plexus-compiler-javac/1.9.1/plexus-compiler-javac-1.9.1.pom
2019-01-02 12:34:54,845 [Worker-1366] INFO  o.e.m.c.i.e.AbstractTransferListenerAdapter - Downloading http://repo.maven.apache.org/maven2/org/codehaus/plexus/plexus-compilers/1.9.1/plexus-compilers-1.9.1.pom
2019-01-02 12:34:55,541 [Worker-1366] INFO  o.e.m.c.i.e.AbstractTransferListenerAdapter - Downloaded http://repo.maven.apache.org/maven2/org/codehaus/plexus/plexus-compilers/1.9.1/plexus-compilers-1.9.1.pom
2019-01-02 12:34:55,966 [Worker-1366] INFO  o.e.m.c.i.e.AbstractTransferListenerAdapter - Downloading http://repo.maven.apache.org/maven2/org/codehaus/plexus/plexus-utils/3.0/plexus-utils-3.0.jar
2019-01-02 12:34:56,720 [Worker-1366] INFO  o.e.m.c.i.e.AbstractTransferListenerAdapter - Downloaded http://repo.maven.apache.org/maven2/org/codehaus/plexus/plexus-utils/3.0/plexus-utils-3.0.jar
2019-01-02 12:34:57,076 [Worker-1366] INFO  o.e.m.c.i.e.AbstractTransferListenerAdapter - Downloading http://repo.maven.apache.org/maven2/org/codehaus/plexus/plexus-compiler-api/1.9.1/plexus-compiler-api-1.9.1.jar
2019-01-02 12:34:57,921 [Worker-1366] INFO  o.e.m.c.i.e.AbstractTransferListenerAdapter - Downloaded http://repo.maven.apache.org/maven2/org/codehaus/plexus/plexus-compiler-api/1.9.1/plexus-compiler-api-1.9.1.jar
2019-01-02 12:34:58,224 [Worker-1366] INFO  o.e.m.c.i.e.AbstractTransferListenerAdapter - Downloading http://repo.maven.apache.org/maven2/org/codehaus/plexus/plexus-compiler-manager/1.9.1/plexus-compiler-manager-1.9.1.jar
2019-01-02 12:34:58,987 [Worker-1366] INFO  o.e.m.c.i.e.AbstractTransferListenerAdapter - Downloaded http://repo.maven.apache.org/maven2/org/codehaus/plexus/plexus-compiler-manager/1.9.1/plexus-compiler-manager-1.9.1.jar
2019-01-02 12:34:59,326 [Worker-1366] INFO  o.e.m.c.i.e.AbstractTransferListenerAdapter - Downloading http://repo.maven.apache.org/maven2/org/codehaus/plexus/plexus-compiler-javac/1.9.1/plexus-compiler-javac-1.9.1.jar
2019-01-02 12:35:00,031 [Worker-1366] INFO  o.e.m.c.i.e.AbstractTransferListenerAdapter - Downloaded http://repo.maven.apache.org/maven2/org/codehaus/plexus/plexus-compiler-javac/1.9.1/plexus-compiler-javac-1.9.1.jar
2019-01-02 12:35:00,388 [Worker-1366] INFO  o.e.m.c.i.l.LifecycleMappingFactory - Using org.eclipse.m2e.jdt.JarLifecycleMapping lifecycle mapping for MavenProject: com.mycompany.app:my-app:1.0-SNAPSHOT @ C:\maven_test\my-app\pom.xml.
2019-01-02 12:35:01,157 [Worker-1366] INFO  o.e.m.c.i.e.AbstractTransferListenerAdapter - Downloading http://repo.maven.apache.org/maven2/org/codehaus/plexus/plexus-utils/2.0.5/plexus-utils-2.0.5.pom
2019-01-02 12:35:02,353 [Worker-1366] INFO  o.e.m.c.i.e.AbstractTransferListenerAdapter - Downloaded http://repo.maven.apache.org/maven2/org/codehaus/plexus/plexus-utils/2.0.5/plexus-utils-2.0.5.pom
2019-01-02 12:35:02,792 [Worker-1366] INFO  o.e.m.c.i.e.AbstractTransferListenerAdapter - Downloading http://repo.maven.apache.org/maven2/org/apache/maven/shared/maven-filtering/1.1/maven-filtering-1.1.pom
2019-01-02 12:35:03,774 [Worker-1366] INFO  o.e.m.c.i.e.AbstractTransferListenerAdapter - Downloaded http://repo.maven.apache.org/maven2/org/apache/maven/shared/maven-filtering/1.1/maven-filtering-1.1.pom
2019-01-02 12:35:04,170 [Worker-1366] INFO  o.e.m.c.i.e.AbstractTransferListenerAdapter - Downloading http://repo.maven.apache.org/maven2/org/codehaus/plexus/plexus-interpolation/1.12/plexus-interpolation-1.12.pom
2019-01-02 12:35:04,966 [Worker-1366] INFO  o.e.m.c.i.e.AbstractTransferListenerAdapter - Downloaded http://repo.maven.apache.org/maven2/org/codehaus/plexus/plexus-interpolation/1.12/plexus-interpolation-1.12.pom
2019-01-02 12:35:05,584 [Worker-1366] INFO  o.e.m.c.i.e.AbstractTransferListenerAdapter - Downloading http://repo.maven.apache.org/maven2/org/sonatype/plexus/plexus-build-api/0.0.4/plexus-build-api-0.0.4.pom
2019-01-02 12:35:06,427 [Worker-1366] INFO  o.e.m.c.i.e.AbstractTransferListenerAdapter - Downloaded http://repo.maven.apache.org/maven2/org/sonatype/plexus/plexus-build-api/0.0.4/plexus-build-api-0.0.4.pom
2019-01-02 12:35:06,808 [Worker-1366] INFO  o.e.m.c.i.e.AbstractTransferListenerAdapter - Downloading http://repo.maven.apache.org/maven2/org/sonatype/spice/spice-parent/10/spice-parent-10.pom
2019-01-02 12:35:07,482 [Worker-1366] INFO  o.e.m.c.i.e.AbstractTransferListenerAdapter - Downloaded http://repo.maven.apache.org/maven2/org/sonatype/spice/spice-parent/10/spice-parent-10.pom
2019-01-02 12:35:07,931 [Worker-1366] INFO  o.e.m.c.i.e.AbstractTransferListenerAdapter - Downloading http://repo.maven.apache.org/maven2/org/sonatype/forge/forge-parent/3/forge-parent-3.pom
2019-01-02 12:35:08,616 [Worker-1366] INFO  o.e.m.c.i.e.AbstractTransferListenerAdapter - Downloaded http://repo.maven.apache.org/maven2/org/sonatype/forge/forge-parent/3/forge-parent-3.pom
2019-01-02 12:35:09,174 [Worker-1366] INFO  o.e.m.c.i.e.AbstractTransferListenerAdapter - Downloading http://repo.maven.apache.org/maven2/org/codehaus/plexus/plexus-utils/1.5.8/plexus-utils-1.5.8.pom
2019-01-02 12:35:09,922 [Worker-1366] INFO  o.e.m.c.i.e.AbstractTransferListenerAdapter - Downloaded http://repo.maven.apache.org/maven2/org/codehaus/plexus/plexus-utils/1.5.8/plexus-utils-1.5.8.pom
2019-01-02 12:35:10,295 [Worker-1366] INFO  o.e.m.c.i.e.AbstractTransferListenerAdapter - Downloading http://repo.maven.apache.org/maven2/org/codehaus/plexus/plexus-interpolation/1.13/plexus-interpolation-1.13.pom
2019-01-02 12:35:11,005 [Worker-1366] INFO  o.e.m.c.i.e.AbstractTransferListenerAdapter - Downloaded http://repo.maven.apache.org/maven2/org/codehaus/plexus/plexus-interpolation/1.13/plexus-interpolation-1.13.pom
2019-01-02 12:35:11,580 [Worker-1366] INFO  o.e.m.c.i.e.AbstractTransferListenerAdapter - Downloading http://repo.maven.apache.org/maven2/org/apache/maven/reporting/maven-reporting-api/2.0.6/maven-reporting-api-2.0.6.jar
2019-01-02 12:35:12,352 [Worker-1366] INFO  o.e.m.c.i.e.AbstractTransferListenerAdapter - Downloaded http://repo.maven.apache.org/maven2/org/apache/maven/reporting/maven-reporting-api/2.0.6/maven-reporting-api-2.0.6.jar
2019-01-02 12:35:12,667 [Worker-1366] INFO  o.e.m.c.i.e.AbstractTransferListenerAdapter - Downloading http://repo.maven.apache.org/maven2/org/apache/maven/doxia/doxia-sink-api/1.0-alpha-7/doxia-sink-api-1.0-alpha-7.jar
2019-01-02 12:35:13,123 [Worker-1366] INFO  o.e.m.c.i.e.AbstractTransferListenerAdapter - Downloaded http://repo.maven.apache.org/maven2/org/apache/maven/doxia/doxia-sink-api/1.0-alpha-7/doxia-sink-api-1.0-alpha-7.jar
2019-01-02 12:35:13,480 [Worker-1366] INFO  o.e.m.c.i.e.AbstractTransferListenerAdapter - Downloading http://repo.maven.apache.org/maven2/commons-cli/commons-cli/1.0/commons-cli-1.0.jar
2019-01-02 12:35:14,395 [Worker-1366] INFO  o.e.m.c.i.e.AbstractTransferListenerAdapter - Downloaded http://repo.maven.apache.org/maven2/commons-cli/commons-cli/1.0/commons-cli-1.0.jar
2019-01-02 12:35:14,732 [Worker-1366] INFO  o.e.m.c.i.e.AbstractTransferListenerAdapter - Downloading http://repo.maven.apache.org/maven2/org/codehaus/plexus/plexus-utils/2.0.5/plexus-utils-2.0.5.jar
2019-01-02 12:35:15,407 [Worker-1366] INFO  o.e.m.c.i.e.AbstractTransferListenerAdapter - Downloaded http://repo.maven.apache.org/maven2/org/codehaus/plexus/plexus-utils/2.0.5/plexus-utils-2.0.5.jar
2019-01-02 12:35:15,420 [Worker-1366] INFO  o.e.m.c.i.e.AbstractTransferListenerAdapter - Downloading http://repo.maven.apache.org/maven2/org/apache/maven/shared/maven-filtering/1.1/maven-filtering-1.1.jar
2019-01-02 12:35:16,103 [Worker-1366] INFO  o.e.m.c.i.e.AbstractTransferListenerAdapter - Downloaded http://repo.maven.apache.org/maven2/org/apache/maven/shared/maven-filtering/1.1/maven-filtering-1.1.jar
2019-01-02 12:35:16,436 [Worker-1366] INFO  o.e.m.c.i.e.AbstractTransferListenerAdapter - Downloading http://repo.maven.apache.org/maven2/org/sonatype/plexus/plexus-build-api/0.0.4/plexus-build-api-0.0.4.jar
2019-01-02 12:35:17,289 [Worker-1366] INFO  o.e.m.c.i.e.AbstractTransferListenerAdapter - Downloaded http://repo.maven.apache.org/maven2/org/sonatype/plexus/plexus-build-api/0.0.4/plexus-build-api-0.0.4.jar
2019-01-02 12:35:17,603 [Worker-1366] INFO  o.e.m.c.i.e.AbstractTransferListenerAdapter - Downloading http://repo.maven.apache.org/maven2/org/codehaus/plexus/plexus-interpolation/1.13/plexus-interpolation-1.13.jar
2019-01-02 12:35:18,356 [Worker-1366] INFO  o.e.m.c.i.e.AbstractTransferListenerAdapter - Downloaded http://repo.maven.apache.org/maven2/org/codehaus/plexus/plexus-interpolation/1.13/plexus-interpolation-1.13.jar
2019-01-02 12:35:18,931 [Worker-1366] INFO  o.e.m.j.i.AbstractJavaProjectConfigurator - Adding source folder /my-app/src/main/java
2019-01-02 12:35:18,932 [Worker-1372] INFO  o.e.m.c.i.l.LifecycleMappingFactory - Using org.eclipse.m2e.jdt.JarLifecycleMapping lifecycle mapping for MavenProject: com.mycompany.app:my-app:1.0-SNAPSHOT @ C:\maven_test\my-app\pom.xml.
2019-01-02 12:35:18,935 [Worker-1366] INFO  o.e.m.j.i.AbstractJavaProjectConfigurator - Adding source folder /my-app/src/test/java
2019-01-02 12:35:19,063 [Worker-1366] INFO  o.e.m.c.i.p.ProjectConfigurationManager - Imported and configured 1 project(s) in 55 sec
2019-01-02 12:35:19,803 [Worker-1367] INFO  o.e.m.c.i.l.LifecycleMappingFactory - Using org.eclipse.m2e.jdt.JarLifecycleMapping lifecycle mapping for MavenProject: com.mycompany.app:my-app:1.0-SNAPSHOT @ C:\maven_test\my-app\pom.xml.
2019-01-02 12:35:19,915 [Worker-1367] WARN  o.e.m.c.i.embedder.EclipseLogger - Using platform encoding (Cp1252 actually) to copy filtered resources, i.e. build is platform dependent!
2019-01-02 12:35:19,922 [Worker-1367] INFO  o.e.m.c.i.embedder.EclipseLogger - skip non existing resourceDirectory C:\maven_test\my-app\src\main\resources
2019-01-02 12:35:19,924 [Worker-1367] WARN  o.e.m.c.i.embedder.EclipseLogger - Using platform encoding (Cp1252 actually) to copy filtered resources, i.e. build is platform dependent!
2019-01-02 12:35:19,929 [Worker-1367] INFO  o.e.m.c.i.embedder.EclipseLogger - skip non existing resourceDirectory C:\maven_test\my-app\src\test\resources
2019-01-02 12:39:20,273 [Worker-1374] INFO  o.e.m.c.i.l.LifecycleMappingFactory - Using org.eclipse.m2e.jdt.JarLifecycleMapping lifecycle mapping for MavenProject: com.mycompany.app:my-app:1.0-SNAPSHOT @ C:\maven_test\my-app\pom.xml.
2019-01-02 12:39:20,360 [Worker-1374] WARN  o.e.m.c.i.embedder.EclipseLogger - Using platform encoding (Cp1252 actually) to copy filtered resources, i.e. build is platform dependent!
2019-01-02 12:39:20,366 [Worker-1374] INFO  o.e.m.c.i.embedder.EclipseLogger - skip non existing resourceDirectory C:\maven_test\my-app\src\main\resources
2019-01-02 12:39:20,368 [Worker-1374] WARN  o.e.m.c.i.embedder.EclipseLogger - Using platform encoding (Cp1252 actually) to copy filtered resources, i.e. build is platform dependent!
2019-01-02 12:39:20,373 [Worker-1374] INFO  o.e.m.c.i.embedder.EclipseLogger - skip non existing resourceDirectory C:\maven_test\my-app\src\test\resources
2019-01-02 12:45:00,332 [Worker-1368] WARN  o.e.m.c.i.embedder.EclipseLogger - Using platform encoding (Cp1252 actually) to copy filtered resources, i.e. build is platform dependent!
2019-01-02 12:45:00,337 [Worker-1368] INFO  o.e.m.c.i.embedder.EclipseLogger - skip non existing resourceDirectory C:\maven_test\my-app\src\main\resources
2019-01-02 12:45:00,338 [Worker-1368] WARN  o.e.m.c.i.embedder.EclipseLogger - Using platform encoding (Cp1252 actually) to copy filtered resources, i.e. build is platform dependent!
2019-01-02 12:45:00,343 [Worker-1368] INFO  o.e.m.c.i.embedder.EclipseLogger - skip non existing resourceDirectory C:\maven_test\my-app\src\test\resources
2019-01-02 12:46:30,716 [Worker-1367] INFO  o.e.m.c.i.l.LifecycleMappingFactory - Using org.eclipse.m2e.jdt.JarLifecycleMapping lifecycle mapping for MavenProject: com.mycompany.app:my-app:1.0-SNAPSHOT @ C:\maven_test\my-app\pom.xml.
2019-01-02 12:46:31,474 [Worker-1367] INFO  o.e.m.c.i.e.AbstractTransferListenerAdapter - Downloading http://repo.maven.apache.org/maven2/mysql/mysql-connector-java/5.1.38/mysql-connector-java-5.1.38.pom
2019-01-02 12:46:32,132 [Worker-1367] INFO  o.e.m.c.i.e.AbstractTransferListenerAdapter - Downloaded http://repo.maven.apache.org/maven2/mysql/mysql-connector-java/5.1.38/mysql-connector-java-5.1.38.pom
2019-01-02 12:46:32,483 [Worker-1367] INFO  o.e.m.c.i.e.AbstractTransferListenerAdapter - Downloading http://repo.maven.apache.org/maven2/mysql/mysql-connector-java/5.1.38/mysql-connector-java-5.1.38.jar
2019-01-02 12:46:33,222 [Worker-1367] INFO  o.e.m.c.i.e.AbstractTransferListenerAdapter - Downloaded http://repo.maven.apache.org/maven2/mysql/mysql-connector-java/5.1.38/mysql-connector-java-5.1.38.jar
2019-01-02 12:46:33,433 [Worker-1367] WARN  o.e.m.c.i.embedder.EclipseLogger - Using platform encoding (Cp1252 actually) to copy filtered resources, i.e. build is platform dependent!
2019-01-02 12:46:33,439 [Worker-1367] INFO  o.e.m.c.i.embedder.EclipseLogger - skip non existing resourceDirectory C:\maven_test\my-app\src\main\resources
2019-01-02 12:46:33,442 [Worker-1367] WARN  o.e.m.c.i.embedder.EclipseLogger - Using platform encoding (Cp1252 actually) to copy filtered resources, i.e. build is platform dependent!
2019-01-02 12:46:33,447 [Worker-1367] INFO  o.e.m.c.i.embedder.EclipseLogger - skip non existing resourceDirectory C:\maven_test\my-app\src\test\resources
2019-01-02 12:46:33,929 [Worker-1376] WARN  o.e.m.c.i.embedder.EclipseLogger - Using platform encoding (Cp1252 actually) to copy filtered resources, i.e. build is platform dependent!
2019-01-02 12:46:33,934 [Worker-1376] INFO  o.e.m.c.i.embedder.EclipseLogger - skip non existing resourceDirectory C:\maven_test\my-app\src\main\resources
2019-01-02 12:46:33,937 [Worker-1376] WARN  o.e.m.c.i.embedder.EclipseLogger - Using platform encoding (Cp1252 actually) to copy filtered resources, i.e. build is platform dependent!
2019-01-02 12:46:33,945 [Worker-1376] INFO  o.e.m.c.i.embedder.EclipseLogger - skip non existing resourceDirectory C:\maven_test\my-app\src\test\resources
2019-01-02 12:46:41,536 [Worker-1367] WARN  o.e.m.c.i.embedder.EclipseLogger - Using platform encoding (Cp1252 actually) to copy filtered resources, i.e. build is platform dependent!
2019-01-02 12:46:41,543 [Worker-1367] INFO  o.e.m.c.i.embedder.EclipseLogger - skip non existing resourceDirectory C:\maven_test\my-app\src\main\resources
2019-01-02 12:46:41,548 [Worker-1367] WARN  o.e.m.c.i.embedder.EclipseLogger - Using platform encoding (Cp1252 actually) to copy filtered resources, i.e. build is platform dependent!
2019-01-02 12:46:41,563 [Worker-1367] INFO  o.e.m.c.i.embedder.EclipseLogger - skip non existing resourceDirectory C:\maven_test\my-app\src\test\resources
2019-01-02 12:47:23,116 [Worker-1371] WARN  o.e.m.c.i.embedder.EclipseLogger - Using platform encoding (Cp1252 actually) to copy filtered resources, i.e. build is platform dependent!
2019-01-02 12:47:23,121 [Worker-1371] INFO  o.e.m.c.i.embedder.EclipseLogger - skip non existing resourceDirectory C:\maven_test\my-app\src\main\resources
2019-01-02 12:47:23,122 [Worker-1371] WARN  o.e.m.c.i.embedder.EclipseLogger - Using platform encoding (Cp1252 actually) to copy filtered resources, i.e. build is platform dependent!
2019-01-02 12:47:23,126 [Worker-1371] INFO  o.e.m.c.i.embedder.EclipseLogger - skip non existing resourceDirectory C:\maven_test\my-app\src\test\resources
2019-01-02 12:48:36,585 [Worker-1367] INFO  o.e.m.c.i.l.LifecycleMappingFactory - Using org.eclipse.m2e.jdt.JarLifecycleMapping lifecycle mapping for MavenProject: com.mycompany.app:my-app:1.0-SNAPSHOT @ C:\maven_test\my-app\pom.xml.
2019-01-02 12:48:37,283 [Worker-1367] INFO  o.e.m.c.i.e.AbstractTransferListenerAdapter - Downloading http://repo.maven.apache.org/maven2/log4j/log4j/1.2.17/log4j-1.2.17.pom
2019-01-02 12:48:37,947 [Worker-1367] INFO  o.e.m.c.i.e.AbstractTransferListenerAdapter - Downloaded http://repo.maven.apache.org/maven2/log4j/log4j/1.2.17/log4j-1.2.17.pom
2019-01-02 12:48:38,295 [Worker-1367] INFO  o.e.m.c.i.e.AbstractTransferListenerAdapter - Downloading http://repo.maven.apache.org/maven2/log4j/log4j/1.2.17/log4j-1.2.17.jar
2019-01-02 12:48:38,999 [Worker-1367] INFO  o.e.m.c.i.e.AbstractTransferListenerAdapter - Downloaded http://repo.maven.apache.org/maven2/log4j/log4j/1.2.17/log4j-1.2.17.jar
2019-01-02 12:48:39,222 [Worker-1367] WARN  o.e.m.c.i.embedder.EclipseLogger - Using platform encoding (Cp1252 actually) to copy filtered resources, i.e. build is platform dependent!
2019-01-02 12:48:39,227 [Worker-1367] INFO  o.e.m.c.i.embedder.EclipseLogger - skip non existing resourceDirectory C:\maven_test\my-app\src\main\resources
2019-01-02 12:48:39,232 [Worker-1367] WARN  o.e.m.c.i.embedder.EclipseLogger - Using platform encoding (Cp1252 actually) to copy filtered resources, i.e. build is platform dependent!
2019-01-02 12:48:39,238 [Worker-1367] INFO  o.e.m.c.i.embedder.EclipseLogger - skip non existing resourceDirectory C:\maven_test\my-app\src\test\resources
2019-01-02 12:48:40,670 [Worker-1375] WARN  o.e.m.c.i.embedder.EclipseLogger - Using platform encoding (Cp1252 actually) to copy filtered resources, i.e. build is platform dependent!
2019-01-02 12:48:40,674 [Worker-1375] INFO  o.e.m.c.i.embedder.EclipseLogger - skip non existing resourceDirectory C:\maven_test\my-app\src\main\resources
2019-01-02 12:48:40,676 [Worker-1375] WARN  o.e.m.c.i.embedder.EclipseLogger - Using platform encoding (Cp1252 actually) to copy filtered resources, i.e. build is platform dependent!
2019-01-02 12:48:40,681 [Worker-1375] INFO  o.e.m.c.i.embedder.EclipseLogger - skip non existing resourceDirectory C:\maven_test\my-app\src\test\resources
2019-01-02 12:49:04,635 [Worker-1375] WARN  o.e.m.c.i.embedder.EclipseLogger - Using platform encoding (Cp1252 actually) to copy filtered resources, i.e. build is platform dependent!
2019-01-02 12:49:04,642 [Worker-1375] INFO  o.e.m.c.i.embedder.EclipseLogger - skip non existing resourceDirectory C:\maven_test\my-app\src\main\resources
2019-01-02 12:49:04,643 [Worker-1375] WARN  o.e.m.c.i.embedder.EclipseLogger - Using platform encoding (Cp1252 actually) to copy filtered resources, i.e. build is platform dependent!
2019-01-02 12:49:04,648 [Worker-1375] INFO  o.e.m.c.i.embedder.EclipseLogger - skip non existing resourceDirectory C:\maven_test\my-app\src\test\resources
2019-01-02 12:49:24,147 [Worker-1371] WARN  o.e.m.c.i.embedder.EclipseLogger - Using platform encoding (Cp1252 actually) to copy filtered resources, i.e. build is platform dependent!
2019-01-02 12:49:24,152 [Worker-1371] INFO  o.e.m.c.i.embedder.EclipseLogger - skip non existing resourceDirectory C:\maven_test\my-app\src\main\resources
2019-01-02 12:49:24,153 [Worker-1371] WARN  o.e.m.c.i.embedder.EclipseLogger - Using platform encoding (Cp1252 actually) to copy filtered resources, i.e. build is platform dependent!
2019-01-02 12:49:24,158 [Worker-1371] INFO  o.e.m.c.i.embedder.EclipseLogger - skip non existing resourceDirectory C:\maven_test\my-app\src\test\resources
2019-01-02 12:52:12,136 [Worker-1368] WARN  o.e.m.c.i.embedder.EclipseLogger - Using platform encoding (Cp1252 actually) to copy filtered resources, i.e. build is platform dependent!
2019-01-02 12:52:12,143 [Worker-1368] INFO  o.e.m.c.i.embedder.EclipseLogger - skip non existing resourceDirectory C:\maven_test\my-app\src\main\resources
2019-01-02 12:52:12,144 [Worker-1368] WARN  o.e.m.c.i.embedder.EclipseLogger - Using platform encoding (Cp1252 actually) to copy filtered resources, i.e. build is platform dependent!
2019-01-02 12:52:12,149 [Worker-1368] INFO  o.e.m.c.i.embedder.EclipseLogger - skip non existing resourceDirectory C:\maven_test\my-app\src\test\resources
2019-01-02 12:53:40,066 [Worker-1373] WARN  o.e.m.c.i.embedder.EclipseLogger - Using platform encoding (Cp1252 actually) to copy filtered resources, i.e. build is platform dependent!
2019-01-02 12:53:40,071 [Worker-1373] INFO  o.e.m.c.i.embedder.EclipseLogger - skip non existing resourceDirectory C:\maven_test\my-app\src\main\resources
2019-01-02 12:53:40,073 [Worker-1373] WARN  o.e.m.c.i.embedder.EclipseLogger - Using platform encoding (Cp1252 actually) to copy filtered resources, i.e. build is platform dependent!
2019-01-02 12:53:40,079 [Worker-1373] INFO  o.e.m.c.i.embedder.EclipseLogger - skip non existing resourceDirectory C:\maven_test\my-app\src\test\resources
2019-01-02 14:27:03,592 [Worker-1375] INFO  o.e.m.c.i.e.AbstractTransferListenerAdapter - Downloaded http://repo.maven.apache.org/maven2/org/apache/maven/plugins/maven-assemlbly-plugin/maven-metadata.xml
2019-01-02 14:27:03,614 [Worker-1375] INFO  o.e.m.c.i.l.LifecycleMappingFactory - Using org.eclipse.m2e.jdt.JarLifecycleMapping lifecycle mapping for MavenProject: com.mycompany.app:my-app:1.0-SNAPSHOT @ C:\maven_test\my-app\pom.xml.
2019-01-02 14:32:44,249 [Worker-1394] INFO  o.e.m.c.i.l.LifecycleMappingFactory - Using org.eclipse.m2e.jdt.JarLifecycleMapping lifecycle mapping for MavenProject: com.mycompany.app:my-app:1.0-SNAPSHOT @ C:\maven_test\my-app\pom.xml.
2019-01-02 14:34:18,648 [Worker-1391] INFO  o.e.m.c.i.l.LifecycleMappingFactory - Using org.eclipse.m2e.jdt.JarLifecycleMapping lifecycle mapping for MavenProject: com.mycompany.app:my-app:1.0-SNAPSHOT @ C:\maven_test\my-app\pom.xml.
2019-01-02 14:34:18,762 [Worker-1391] WARN  o.e.m.c.i.embedder.EclipseLogger - Using platform encoding (Cp1252 actually) to copy filtered resources, i.e. build is platform dependent!
2019-01-02 14:34:18,769 [Worker-1391] INFO  o.e.m.c.i.embedder.EclipseLogger - skip non existing resourceDirectory C:\maven_test\my-app\src\main\resources
2019-01-02 14:34:18,770 [Worker-1391] WARN  o.e.m.c.i.embedder.EclipseLogger - Using platform encoding (Cp1252 actually) to copy filtered resources, i.e. build is platform dependent!
2019-01-02 14:34:18,775 [Worker-1391] INFO  o.e.m.c.i.embedder.EclipseLogger - skip non existing resourceDirectory C:\maven_test\my-app\src\test\resources
2019-01-02 14:44:50,548 [main] INFO  o.e.m2e.actions.ExecutePomAction - Creating new launch configuration
2019-01-02 14:46:36,525 [main] INFO  o.e.m2e.actions.ExecutePomAction - Using existing launch configuration
2019-01-02 14:51:40,430 [main] INFO  o.e.m2e.actions.ExecutePomAction - Using existing launch configuration
2019-01-02 14:52:00,833 [Worker-1399] INFO  o.e.m.i.launch.MavenLaunchDelegate - C:\maven_test\my-app
2019-01-02 14:52:00,833 [Worker-1399] INFO  o.e.m.i.launch.MavenLaunchDelegate -  mvn  -B clean compile assembly:single
2019-01-02 15:21:10,636 [Worker-1413] INFO  o.e.m.c.i.l.LifecycleMappingFactory - Using org.eclipse.m2e.jdt.JarLifecycleMapping lifecycle mapping for MavenProject: com.mycompany.app:my-app:1.0-SNAPSHOT @ C:\maven_test\my-app\pom.xml.
2019-01-02 15:21:10,815 [Worker-1413] WARN  o.e.m.c.i.embedder.EclipseLogger - Using platform encoding (Cp1252 actually) to copy filtered resources, i.e. build is platform dependent!
2019-01-02 15:21:10,820 [Worker-1413] INFO  o.e.m.c.i.embedder.EclipseLogger - skip non existing resourceDirectory C:\maven_test\my-app\src\main\resources
2019-01-02 15:21:10,822 [Worker-1413] WARN  o.e.m.c.i.embedder.EclipseLogger - Using platform encoding (Cp1252 actually) to copy filtered resources, i.e. build is platform dependent!
2019-01-02 15:21:10,827 [Worker-1413] INFO  o.e.m.c.i.embedder.EclipseLogger - skip non existing resourceDirectory C:\maven_test\my-app\src\test\resources
2019-01-02 15:55:23,813 [Worker-1409] INFO  o.e.m.c.i.l.LifecycleMappingFactory - Using org.eclipse.m2e.jdt.JarLifecycleMapping lifecycle mapping for MavenProject: com.capgemini.calculator:my-calculator:1.0-SNAPSHOT @ C:\maven_test\my-calculator\pom.xml.
2019-01-02 15:55:23,930 [Worker-1409] INFO  o.e.m.j.i.AbstractJavaProjectConfigurator - Adding source folder /my-calculator/src/main/java
2019-01-02 15:55:23,930 [Worker-1409] INFO  o.e.m.j.i.AbstractJavaProjectConfigurator - Adding source folder /my-calculator/src/test/java
2019-01-02 15:55:24,052 [Worker-1409] INFO  o.e.m.c.i.p.ProjectConfigurationManager - Imported and configured 1 project(s) in 0 sec
2019-01-02 15:55:24,664 [Worker-1422] INFO  o.e.m.c.i.l.LifecycleMappingFactory - Using org.eclipse.m2e.jdt.JarLifecycleMapping lifecycle mapping for MavenProject: com.capgemini.calculator:my-calculator:1.0-SNAPSHOT @ C:\maven_test\my-calculator\pom.xml.
2019-01-02 15:55:24,828 [Worker-1422] WARN  o.e.m.c.i.embedder.EclipseLogger - Using platform encoding (Cp1252 actually) to copy filtered resources, i.e. build is platform dependent!
2019-01-02 15:55:24,834 [Worker-1422] INFO  o.e.m.c.i.embedder.EclipseLogger - skip non existing resourceDirectory C:\maven_test\my-calculator\src\main\resources
2019-01-02 15:55:24,837 [Worker-1422] WARN  o.e.m.c.i.embedder.EclipseLogger - Using platform encoding (Cp1252 actually) to copy filtered resources, i.e. build is platform dependent!
2019-01-02 15:55:24,842 [Worker-1422] INFO  o.e.m.c.i.embedder.EclipseLogger - skip non existing resourceDirectory C:\maven_test\my-calculator\src\test\resources
2019-01-02 15:55:25,367 [Worker-1424] INFO  o.e.m.c.i.l.LifecycleMappingFactory - Using org.eclipse.m2e.jdt.JarLifecycleMapping lifecycle mapping for MavenProject: com.capgemini.calculator:my-calculator:1.0-SNAPSHOT @ C:\maven_test\my-calculator\pom.xml.
2019-01-02 15:55:25,890 [Worker-1422] WARN  o.e.m.c.i.embedder.EclipseLogger - Using platform encoding (Cp1252 actually) to copy filtered resources, i.e. build is platform dependent!
2019-01-02 15:55:25,898 [Worker-1422] INFO  o.e.m.c.i.embedder.EclipseLogger - skip non existing resourceDirectory C:\maven_test\my-calculator\src\main\resources
2019-01-02 15:55:25,900 [Worker-1422] WARN  o.e.m.c.i.embedder.EclipseLogger - Using platform encoding (Cp1252 actually) to copy filtered resources, i.e. build is platform dependent!
2019-01-02 15:55:25,905 [Worker-1422] INFO  o.e.m.c.i.embedder.EclipseLogger - skip non existing resourceDirectory C:\maven_test\my-calculator\src\test\resources
2019-01-02 15:58:40,167 [Worker-1417] WARN  o.e.m.c.i.embedder.EclipseLogger - Using platform encoding (Cp1252 actually) to copy filtered resources, i.e. build is platform dependent!
2019-01-02 15:58:40,179 [Worker-1417] INFO  o.e.m.c.i.embedder.EclipseLogger - skip non existing resourceDirectory C:\maven_test\my-calculator\src\main\resources
2019-01-02 15:58:40,180 [Worker-1417] WARN  o.e.m.c.i.embedder.EclipseLogger - Using platform encoding (Cp1252 actually) to copy filtered resources, i.e. build is platform dependent!
2019-01-02 15:58:40,186 [Worker-1417] INFO  o.e.m.c.i.embedder.EclipseLogger - skip non existing resourceDirectory C:\maven_test\my-calculator\src\test\resources
2019-01-02 15:59:11,462 [Worker-1427] WARN  o.e.m.c.i.embedder.EclipseLogger - Using platform encoding (Cp1252 actually) to copy filtered resources, i.e. build is platform dependent!
2019-01-02 15:59:11,467 [Worker-1427] INFO  o.e.m.c.i.embedder.EclipseLogger - skip non existing resourceDirectory C:\maven_test\my-calculator\src\main\resources
2019-01-02 15:59:11,469 [Worker-1427] WARN  o.e.m.c.i.embedder.EclipseLogger - Using platform encoding (Cp1252 actually) to copy filtered resources, i.e. build is platform dependent!
2019-01-02 15:59:11,477 [Worker-1427] INFO  o.e.m.c.i.embedder.EclipseLogger - skip non existing resourceDirectory C:\maven_test\my-calculator\src\test\resources
2019-01-02 15:59:23,477 [Worker-1423] WARN  o.e.m.c.i.embedder.EclipseLogger - Using platform encoding (Cp1252 actually) to copy filtered resources, i.e. build is platform dependent!
2019-01-02 15:59:23,482 [Worker-1423] INFO  o.e.m.c.i.embedder.EclipseLogger - skip non existing resourceDirectory C:\maven_test\my-calculator\src\main\resources
2019-01-02 15:59:23,484 [Worker-1423] WARN  o.e.m.c.i.embedder.EclipseLogger - Using platform encoding (Cp1252 actually) to copy filtered resources, i.e. build is platform dependent!
2019-01-02 15:59:23,488 [Worker-1423] INFO  o.e.m.c.i.embedder.EclipseLogger - skip non existing resourceDirectory C:\maven_test\my-calculator\src\test\resources
2019-01-02 16:04:35,132 [Worker-1417] INFO  o.e.m.c.i.l.LifecycleMappingFactory - Using org.eclipse.m2e.jdt.JarLifecycleMapping lifecycle mapping for MavenProject: com.capgemini.calculator:my-calculator:1.0-SNAPSHOT @ C:\maven_test\my-calculator\pom.xml.
2019-01-02 16:04:36,232 [Worker-1417] INFO  o.e.m.c.i.e.AbstractTransferListenerAdapter - Downloading http://repo.maven.apache.org/maven2/junit/junit/4.12/junit-4.12.pom
2019-01-02 16:04:37,028 [Worker-1417] INFO  o.e.m.c.i.e.AbstractTransferListenerAdapter - Downloaded http://repo.maven.apache.org/maven2/junit/junit/4.12/junit-4.12.pom
2019-01-02 16:04:37,365 [Worker-1417] INFO  o.e.m.c.i.e.AbstractTransferListenerAdapter - Downloading http://repo.maven.apache.org/maven2/org/hamcrest/hamcrest-core/1.3/hamcrest-core-1.3.pom
2019-01-02 16:04:38,001 [Worker-1417] INFO  o.e.m.c.i.e.AbstractTransferListenerAdapter - Downloaded http://repo.maven.apache.org/maven2/org/hamcrest/hamcrest-core/1.3/hamcrest-core-1.3.pom
2019-01-02 16:04:38,373 [Worker-1417] INFO  o.e.m.c.i.e.AbstractTransferListenerAdapter - Downloading http://repo.maven.apache.org/maven2/org/hamcrest/hamcrest-parent/1.3/hamcrest-parent-1.3.pom
2019-01-02 16:04:39,102 [Worker-1417] INFO  o.e.m.c.i.e.AbstractTransferListenerAdapter - Downloaded http://repo.maven.apache.org/maven2/org/hamcrest/hamcrest-parent/1.3/hamcrest-parent-1.3.pom
2019-01-02 16:04:39,475 [Worker-1417] INFO  o.e.m.c.i.e.AbstractTransferListenerAdapter - Downloading http://repo.maven.apache.org/maven2/junit/junit/4.12/junit-4.12.jar
2019-01-02 16:04:41,013 [Worker-1417] INFO  o.e.m.c.i.e.AbstractTransferListenerAdapter - Downloaded http://repo.maven.apache.org/maven2/junit/junit/4.12/junit-4.12.jar
2019-01-02 16:04:41,406 [Worker-1417] INFO  o.e.m.c.i.e.AbstractTransferListenerAdapter - Downloading http://repo.maven.apache.org/maven2/org/hamcrest/hamcrest-core/1.3/hamcrest-core-1.3.jar
2019-01-02 16:04:42,096 [Worker-1417] INFO  o.e.m.c.i.e.AbstractTransferListenerAdapter - Downloaded http://repo.maven.apache.org/maven2/org/hamcrest/hamcrest-core/1.3/hamcrest-core-1.3.jar
2019-01-02 16:04:42,320 [Worker-1417] INFO  o.e.m.c.i.l.LifecycleMappingFactory - Using org.eclipse.m2e.jdt.JarLifecycleMapping lifecycle mapping for MavenProject: com.mycompany.app:my-app:1.0-SNAPSHOT @ C:\maven_test\my-app\pom.xml.
2019-01-02 16:04:42,530 [Worker-1417] WARN  o.e.m.c.i.embedder.EclipseLogger - Using platform encoding (Cp1252 actually) to copy filtered resources, i.e. build is platform dependent!
2019-01-02 16:04:42,539 [Worker-1417] INFO  o.e.m.c.i.embedder.EclipseLogger - skip non existing resourceDirectory C:\maven_test\my-calculator\src\main\resources
2019-01-02 16:04:42,540 [Worker-1417] WARN  o.e.m.c.i.embedder.EclipseLogger - Using platform encoding (Cp1252 actually) to copy filtered resources, i.e. build is platform dependent!
2019-01-02 16:04:42,542 [Worker-1417] INFO  o.e.m.c.i.embedder.EclipseLogger - skip non existing resourceDirectory C:\maven_test\my-calculator\src\test\resources
2019-01-02 16:04:43,850 [Worker-1417] WARN  o.e.m.c.i.embedder.EclipseLogger - Using platform encoding (Cp1252 actually) to copy filtered resources, i.e. build is platform dependent!
2019-01-02 16:04:43,851 [Worker-1417] INFO  o.e.m.c.i.embedder.EclipseLogger - skip non existing resourceDirectory C:\maven_test\my-app\src\main\resources
2019-01-02 16:04:43,852 [Worker-1417] WARN  o.e.m.c.i.embedder.EclipseLogger - Using platform encoding (Cp1252 actually) to copy filtered resources, i.e. build is platform dependent!
2019-01-02 16:04:43,853 [Worker-1417] INFO  o.e.m.c.i.embedder.EclipseLogger - skip non existing resourceDirectory C:\maven_test\my-app\src\test\resources
2019-01-02 16:04:43,921 [Worker-1417] WARN  o.e.m.c.i.embedder.EclipseLogger - Using platform encoding (Cp1252 actually) to copy filtered resources, i.e. build is platform dependent!
2019-01-02 16:04:43,924 [Worker-1417] INFO  o.e.m.c.i.embedder.EclipseLogger - skip non existing resourceDirectory C:\maven_test\my-calculator\src\main\resources
2019-01-02 16:04:43,929 [Worker-1417] WARN  o.e.m.c.i.embedder.EclipseLogger - Using platform encoding (Cp1252 actually) to copy filtered resources, i.e. build is platform dependent!
2019-01-02 16:04:43,936 [Worker-1417] INFO  o.e.m.c.i.embedder.EclipseLogger - skip non existing resourceDirectory C:\maven_test\my-calculator\src\test\resources
2019-01-02 16:08:10,286 [Worker-1409] WARN  o.e.m.c.i.embedder.EclipseLogger - Using platform encoding (Cp1252 actually) to copy filtered resources, i.e. build is platform dependent!
2019-01-02 16:08:10,287 [Worker-1409] INFO  o.e.m.c.i.embedder.EclipseLogger - skip non existing resourceDirectory C:\maven_test\my-calculator\src\main\resources
2019-01-02 16:08:10,288 [Worker-1409] WARN  o.e.m.c.i.embedder.EclipseLogger - Using platform encoding (Cp1252 actually) to copy filtered resources, i.e. build is platform dependent!
2019-01-02 16:08:10,289 [Worker-1409] INFO  o.e.m.c.i.embedder.EclipseLogger - skip non existing resourceDirectory C:\maven_test\my-calculator\src\test\resources
2019-01-02 16:13:10,424 [Worker-1412] WARN  o.e.m.c.i.embedder.EclipseLogger - Using platform encoding (Cp1252 actually) to copy filtered resources, i.e. build is platform dependent!
2019-01-02 16:13:10,426 [Worker-1412] INFO  o.e.m.c.i.embedder.EclipseLogger - skip non existing resourceDirectory C:\maven_test\my-calculator\src\main\resources
2019-01-02 16:13:10,428 [Worker-1412] WARN  o.e.m.c.i.embedder.EclipseLogger - Using platform encoding (Cp1252 actually) to copy filtered resources, i.e. build is platform dependent!
2019-01-02 16:13:10,429 [Worker-1412] INFO  o.e.m.c.i.embedder.EclipseLogger - skip non existing resourceDirectory C:\maven_test\my-calculator\src\test\resources
2019-01-02 16:13:14,975 [Worker-1424] WARN  o.e.m.c.i.embedder.EclipseLogger - Using platform encoding (Cp1252 actually) to copy filtered resources, i.e. build is platform dependent!
2019-01-02 16:13:14,976 [Worker-1424] INFO  o.e.m.c.i.embedder.EclipseLogger - skip non existing resourceDirectory C:\maven_test\my-calculator\src\main\resources
2019-01-02 16:13:14,981 [Worker-1424] WARN  o.e.m.c.i.embedder.EclipseLogger - Using platform encoding (Cp1252 actually) to copy filtered resources, i.e. build is platform dependent!
2019-01-02 16:13:14,982 [Worker-1424] INFO  o.e.m.c.i.embedder.EclipseLogger - skip non existing resourceDirectory C:\maven_test\my-calculator\src\test\resources
2019-01-02 16:13:20,376 [Worker-1412] WARN  o.e.m.c.i.embedder.EclipseLogger - Using platform encoding (Cp1252 actually) to copy filtered resources, i.e. build is platform dependent!
2019-01-02 16:13:20,377 [Worker-1412] INFO  o.e.m.c.i.embedder.EclipseLogger - skip non existing resourceDirectory C:\maven_test\my-calculator\src\main\resources
2019-01-02 16:13:20,378 [Worker-1412] WARN  o.e.m.c.i.embedder.EclipseLogger - Using platform encoding (Cp1252 actually) to copy filtered resources, i.e. build is platform dependent!
2019-01-02 16:13:20,379 [Worker-1412] INFO  o.e.m.c.i.embedder.EclipseLogger - skip non existing resourceDirectory C:\maven_test\my-calculator\src\test\resources
2019-01-02 16:13:47,710 [Worker-1428] WARN  o.e.m.c.i.embedder.EclipseLogger - Using platform encoding (Cp1252 actually) to copy filtered resources, i.e. build is platform dependent!
2019-01-02 16:13:47,712 [Worker-1428] INFO  o.e.m.c.i.embedder.EclipseLogger - skip non existing resourceDirectory C:\maven_test\my-calculator\src\main\resources
2019-01-02 16:13:47,715 [Worker-1428] WARN  o.e.m.c.i.embedder.EclipseLogger - Using platform encoding (Cp1252 actually) to copy filtered resources, i.e. build is platform dependent!
2019-01-02 16:13:47,716 [Worker-1428] INFO  o.e.m.c.i.embedder.EclipseLogger - skip non existing resourceDirectory C:\maven_test\my-calculator\src\test\resources
2019-01-02 16:14:54,860 [Worker-1432] WARN  o.e.m.c.i.embedder.EclipseLogger - Using platform encoding (Cp1252 actually) to copy filtered resources, i.e. build is platform dependent!
2019-01-02 16:14:54,862 [Worker-1432] INFO  o.e.m.c.i.embedder.EclipseLogger - skip non existing resourceDirectory C:\maven_test\my-calculator\src\main\resources
2019-01-02 16:14:54,863 [Worker-1432] WARN  o.e.m.c.i.embedder.EclipseLogger - Using platform encoding (Cp1252 actually) to copy filtered resources, i.e. build is platform dependent!
2019-01-02 16:14:54,864 [Worker-1432] INFO  o.e.m.c.i.embedder.EclipseLogger - skip non existing resourceDirectory C:\maven_test\my-calculator\src\test\resources
2019-01-02 16:16:06,678 [Worker-1433] WARN  o.e.m.c.i.embedder.EclipseLogger - Using platform encoding (Cp1252 actually) to copy filtered resources, i.e. build is platform dependent!
2019-01-02 16:16:06,680 [Worker-1433] INFO  o.e.m.c.i.embedder.EclipseLogger - skip non existing resourceDirectory C:\maven_test\my-calculator\src\main\resources
2019-01-02 16:16:06,681 [Worker-1433] WARN  o.e.m.c.i.embedder.EclipseLogger - Using platform encoding (Cp1252 actually) to copy filtered resources, i.e. build is platform dependent!
2019-01-02 16:16:06,682 [Worker-1433] INFO  o.e.m.c.i.embedder.EclipseLogger - skip non existing resourceDirectory C:\maven_test\my-calculator\src\test\resources
2019-01-02 16:16:15,080 [Worker-1432] WARN  o.e.m.c.i.embedder.EclipseLogger - Using platform encoding (Cp1252 actually) to copy filtered resources, i.e. build is platform dependent!
2019-01-02 16:16:15,080 [Worker-1432] INFO  o.e.m.c.i.embedder.EclipseLogger - skip non existing resourceDirectory C:\maven_test\my-calculator\src\main\resources
2019-01-02 16:16:15,082 [Worker-1432] WARN  o.e.m.c.i.embedder.EclipseLogger - Using platform encoding (Cp1252 actually) to copy filtered resources, i.e. build is platform dependent!
2019-01-02 16:16:15,083 [Worker-1432] INFO  o.e.m.c.i.embedder.EclipseLogger - skip non existing resourceDirectory C:\maven_test\my-calculator\src\test\resources
2019-01-02 16:17:16,253 [Worker-1434] WARN  o.e.m.c.i.embedder.EclipseLogger - Using platform encoding (Cp1252 actually) to copy filtered resources, i.e. build is platform dependent!
2019-01-02 16:17:16,255 [Worker-1434] INFO  o.e.m.c.i.embedder.EclipseLogger - skip non existing resourceDirectory C:\maven_test\my-calculator\src\main\resources
2019-01-02 16:17:16,256 [Worker-1434] WARN  o.e.m.c.i.embedder.EclipseLogger - Using platform encoding (Cp1252 actually) to copy filtered resources, i.e. build is platform dependent!
2019-01-02 16:17:16,257 [Worker-1434] INFO  o.e.m.c.i.embedder.EclipseLogger - skip non existing resourceDirectory C:\maven_test\my-calculator\src\test\resources
2019-01-02 18:37:57,405 [Worker-1463] WARN  o.e.m.c.i.embedder.EclipseLogger - Using platform encoding (Cp1252 actually) to copy filtered resources, i.e. build is platform dependent!
2019-01-02 18:37:57,407 [Worker-1463] INFO  o.e.m.c.i.embedder.EclipseLogger - skip non existing resourceDirectory C:\maven_test\my-calculator\src\main\resources
2019-01-02 18:37:57,409 [Worker-1463] WARN  o.e.m.c.i.embedder.EclipseLogger - Using platform encoding (Cp1252 actually) to copy filtered resources, i.e. build is platform dependent!
2019-01-02 18:37:57,412 [Worker-1463] INFO  o.e.m.c.i.embedder.EclipseLogger - skip non existing resourceDirectory C:\maven_test\my-calculator\src\test\resources
2019-01-02 18:43:17,304 [Worker-1467] WARN  o.e.m.c.i.embedder.EclipseLogger - Using platform encoding (Cp1252 actually) to copy filtered resources, i.e. build is platform dependent!
2019-01-02 18:43:17,307 [Worker-1467] INFO  o.e.m.c.i.embedder.EclipseLogger - skip non existing resourceDirectory C:\maven_test\my-calculator\src\main\resources
2019-01-02 18:43:17,308 [Worker-1467] WARN  o.e.m.c.i.embedder.EclipseLogger - Using platform encoding (Cp1252 actually) to copy filtered resources, i.e. build is platform dependent!
2019-01-02 18:43:17,309 [Worker-1467] INFO  o.e.m.c.i.embedder.EclipseLogger - skip non existing resourceDirectory C:\maven_test\my-calculator\src\test\resources
2019-01-02 18:43:24,817 [Worker-1467] WARN  o.e.m.c.i.embedder.EclipseLogger - Using platform encoding (Cp1252 actually) to copy filtered resources, i.e. build is platform dependent!
2019-01-02 18:43:24,818 [Worker-1467] INFO  o.e.m.c.i.embedder.EclipseLogger - skip non existing resourceDirectory C:\maven_test\my-calculator\src\main\resources
2019-01-02 18:43:24,819 [Worker-1467] WARN  o.e.m.c.i.embedder.EclipseLogger - Using platform encoding (Cp1252 actually) to copy filtered resources, i.e. build is platform dependent!
2019-01-02 18:43:24,820 [Worker-1467] INFO  o.e.m.c.i.embedder.EclipseLogger - skip non existing resourceDirectory C:\maven_test\my-calculator\src\test\resources
2019-01-02 18:44:11,217 [Worker-1470] WARN  o.e.m.c.i.embedder.EclipseLogger - Using platform encoding (Cp1252 actually) to copy filtered resources, i.e. build is platform dependent!
2019-01-02 18:44:11,219 [Worker-1470] INFO  o.e.m.c.i.embedder.EclipseLogger - skip non existing resourceDirectory C:\maven_test\my-calculator\src\main\resources
2019-01-02 18:44:11,222 [Worker-1470] WARN  o.e.m.c.i.embedder.EclipseLogger - Using platform encoding (Cp1252 actually) to copy filtered resources, i.e. build is platform dependent!
2019-01-02 18:44:11,224 [Worker-1470] INFO  o.e.m.c.i.embedder.EclipseLogger - skip non existing resourceDirectory C:\maven_test\my-calculator\src\test\resources
2019-01-02 18:44:29,374 [Worker-1465] WARN  o.e.m.c.i.embedder.EclipseLogger - Using platform encoding (Cp1252 actually) to copy filtered resources, i.e. build is platform dependent!
2019-01-02 18:44:29,376 [Worker-1465] INFO  o.e.m.c.i.embedder.EclipseLogger - skip non existing resourceDirectory C:\maven_test\my-calculator\src\main\resources
2019-01-02 18:44:29,377 [Worker-1465] WARN  o.e.m.c.i.embedder.EclipseLogger - Using platform encoding (Cp1252 actually) to copy filtered resources, i.e. build is platform dependent!
2019-01-02 18:44:29,379 [Worker-1465] INFO  o.e.m.c.i.embedder.EclipseLogger - skip non existing resourceDirectory C:\maven_test\my-calculator\src\test\resources
2019-01-02 18:53:25,095 [Worker-1471] INFO  o.e.m.c.i.l.LifecycleMappingFactory - Using org.eclipse.m2e.jdt.JarLifecycleMapping lifecycle mapping for MavenProject: com.capgemini.calculator:my-calculator:1.0-SNAPSHOT @ C:\maven_test\my-calculator\pom.xml.
2019-01-02 18:53:25,307 [Worker-1471] WARN  o.e.m.c.i.embedder.EclipseLogger - Using platform encoding (Cp1252 actually) to copy filtered resources, i.e. build is platform dependent!
2019-01-02 18:53:25,309 [Worker-1471] INFO  o.e.m.c.i.embedder.EclipseLogger - skip non existing resourceDirectory C:\maven_test\my-calculator\src\main\resources
2019-01-02 18:53:25,310 [Worker-1471] WARN  o.e.m.c.i.embedder.EclipseLogger - Using platform encoding (Cp1252 actually) to copy filtered resources, i.e. build is platform dependent!
2019-01-02 18:53:25,311 [Worker-1471] INFO  o.e.m.c.i.embedder.EclipseLogger - skip non existing resourceDirectory C:\maven_test\my-calculator\src\test\resources
2019-01-02 18:57:11,412 [Worker-1475] WARN  o.e.m.c.i.embedder.EclipseLogger - Using platform encoding (Cp1252 actually) to copy filtered resources, i.e. build is platform dependent!
2019-01-02 18:57:11,413 [Worker-1475] INFO  o.e.m.c.i.embedder.EclipseLogger - skip non existing resourceDirectory C:\maven_test\my-calculator\src\main\resources
2019-01-02 18:57:11,414 [Worker-1475] WARN  o.e.m.c.i.embedder.EclipseLogger - Using platform encoding (Cp1252 actually) to copy filtered resources, i.e. build is platform dependent!
2019-01-02 18:57:11,415 [Worker-1475] INFO  o.e.m.c.i.embedder.EclipseLogger - skip non existing resourceDirectory C:\maven_test\my-calculator\src\test\resources
2019-01-02 18:57:12,480 [Worker-1473] WARN  o.e.m.c.i.embedder.EclipseLogger - Using platform encoding (Cp1252 actually) to copy filtered resources, i.e. build is platform dependent!
2019-01-02 18:57:12,483 [Worker-1473] INFO  o.e.m.c.i.embedder.EclipseLogger - skip non existing resourceDirectory C:\maven_test\my-calculator\src\main\resources
2019-01-02 18:57:12,486 [Worker-1473] WARN  o.e.m.c.i.embedder.EclipseLogger - Using platform encoding (Cp1252 actually) to copy filtered resources, i.e. build is platform dependent!
2019-01-02 18:57:12,489 [Worker-1473] INFO  o.e.m.c.i.embedder.EclipseLogger - skip non existing resourceDirectory C:\maven_test\my-calculator\src\test\resources
2019-01-02 18:57:56,356 [Worker-1474] WARN  o.e.m.c.i.embedder.EclipseLogger - Using platform encoding (Cp1252 actually) to copy filtered resources, i.e. build is platform dependent!
2019-01-02 18:57:56,357 [Worker-1474] INFO  o.e.m.c.i.embedder.EclipseLogger - skip non existing resourceDirectory C:\maven_test\my-calculator\src\main\resources
2019-01-02 18:57:56,358 [Worker-1474] WARN  o.e.m.c.i.embedder.EclipseLogger - Using platform encoding (Cp1252 actually) to copy filtered resources, i.e. build is platform dependent!
2019-01-02 18:57:56,359 [Worker-1474] INFO  o.e.m.c.i.embedder.EclipseLogger - skip non existing resourceDirectory C:\maven_test\my-calculator\src\test\resources
2019-01-02 18:59:34,661 [Worker-1474] WARN  o.e.m.c.i.embedder.EclipseLogger - Using platform encoding (Cp1252 actually) to copy filtered resources, i.e. build is platform dependent!
2019-01-02 18:59:34,662 [Worker-1474] INFO  o.e.m.c.i.embedder.EclipseLogger - skip non existing resourceDirectory C:\maven_test\my-calculator\src\main\resources
2019-01-02 18:59:34,663 [Worker-1474] WARN  o.e.m.c.i.embedder.EclipseLogger - Using platform encoding (Cp1252 actually) to copy filtered resources, i.e. build is platform dependent!
2019-01-02 18:59:34,664 [Worker-1474] INFO  o.e.m.c.i.embedder.EclipseLogger - skip non existing resourceDirectory C:\maven_test\my-calculator\src\test\resources
2019-01-02 19:00:00,648 [Worker-1477] WARN  o.e.m.c.i.embedder.EclipseLogger - Using platform encoding (Cp1252 actually) to copy filtered resources, i.e. build is platform dependent!
2019-01-02 19:00:00,649 [Worker-1477] INFO  o.e.m.c.i.embedder.EclipseLogger - skip non existing resourceDirectory C:\maven_test\my-calculator\src\main\resources
2019-01-02 19:00:00,650 [Worker-1477] WARN  o.e.m.c.i.embedder.EclipseLogger - Using platform encoding (Cp1252 actually) to copy filtered resources, i.e. build is platform dependent!
2019-01-02 19:00:00,651 [Worker-1477] INFO  o.e.m.c.i.embedder.EclipseLogger - skip non existing resourceDirectory C:\maven_test\my-calculator\src\test\resources
2019-01-02 19:03:14,465 [Worker-1472] WARN  o.e.m.c.i.embedder.EclipseLogger - Using platform encoding (Cp1252 actually) to copy filtered resources, i.e. build is platform dependent!
2019-01-02 19:03:14,467 [Worker-1472] INFO  o.e.m.c.i.embedder.EclipseLogger - skip non existing resourceDirectory C:\maven_test\my-calculator\src\main\resources
2019-01-02 19:03:14,468 [Worker-1472] WARN  o.e.m.c.i.embedder.EclipseLogger - Using platform encoding (Cp1252 actually) to copy filtered resources, i.e. build is platform dependent!
2019-01-02 19:03:14,469 [Worker-1472] INFO  o.e.m.c.i.embedder.EclipseLogger - skip non existing resourceDirectory C:\maven_test\my-calculator\src\test\resources
2019-01-02 19:03:27,226 [Worker-1462] WARN  o.e.m.c.i.embedder.EclipseLogger - Using platform encoding (Cp1252 actually) to copy filtered resources, i.e. build is platform dependent!
2019-01-02 19:03:27,228 [Worker-1462] INFO  o.e.m.c.i.embedder.EclipseLogger - skip non existing resourceDirectory C:\maven_test\my-calculator\src\main\resources
2019-01-02 19:03:27,231 [Worker-1462] WARN  o.e.m.c.i.embedder.EclipseLogger - Using platform encoding (Cp1252 actually) to copy filtered resources, i.e. build is platform dependent!
2019-01-02 19:03:27,233 [Worker-1462] INFO  o.e.m.c.i.embedder.EclipseLogger - skip non existing resourceDirectory C:\maven_test\my-calculator\src\test\resources
2019-01-02 19:03:29,758 [Worker-1472] WARN  o.e.m.c.i.embedder.EclipseLogger - Using platform encoding (Cp1252 actually) to copy filtered resources, i.e. build is platform dependent!
2019-01-02 19:03:29,759 [Worker-1472] INFO  o.e.m.c.i.embedder.EclipseLogger - skip non existing resourceDirectory C:\maven_test\my-calculator\src\main\resources
2019-01-02 19:03:29,761 [Worker-1472] WARN  o.e.m.c.i.embedder.EclipseLogger - Using platform encoding (Cp1252 actually) to copy filtered resources, i.e. build is platform dependent!
2019-01-02 19:03:29,763 [Worker-1472] INFO  o.e.m.c.i.embedder.EclipseLogger - skip non existing resourceDirectory C:\maven_test\my-calculator\src\test\resources
2019-01-02 19:03:32,514 [Worker-1477] WARN  o.e.m.c.i.embedder.EclipseLogger - Using platform encoding (Cp1252 actually) to copy filtered resources, i.e. build is platform dependent!
2019-01-02 19:03:32,515 [Worker-1477] INFO  o.e.m.c.i.embedder.EclipseLogger - skip non existing resourceDirectory C:\maven_test\my-calculator\src\main\resources
2019-01-02 19:03:32,517 [Worker-1477] WARN  o.e.m.c.i.embedder.EclipseLogger - Using platform encoding (Cp1252 actually) to copy filtered resources, i.e. build is platform dependent!
2019-01-02 19:03:32,519 [Worker-1477] INFO  o.e.m.c.i.embedder.EclipseLogger - skip non existing resourceDirectory C:\maven_test\my-calculator\src\test\resources
2019-01-02 19:05:13,574 [Worker-1462] WARN  o.e.m.c.i.embedder.EclipseLogger - Using platform encoding (Cp1252 actually) to copy filtered resources, i.e. build is platform dependent!
2019-01-02 19:05:13,576 [Worker-1462] INFO  o.e.m.c.i.embedder.EclipseLogger - skip non existing resourceDirectory C:\maven_test\my-calculator\src\main\resources
2019-01-02 19:05:13,577 [Worker-1462] WARN  o.e.m.c.i.embedder.EclipseLogger - Using platform encoding (Cp1252 actually) to copy filtered resources, i.e. build is platform dependent!
2019-01-02 19:05:13,578 [Worker-1462] INFO  o.e.m.c.i.embedder.EclipseLogger - skip non existing resourceDirectory C:\maven_test\my-calculator\src\test\resources
2019-01-02 19:06:34,308 [Worker-1475] WARN  o.e.m.c.i.embedder.EclipseLogger - Using platform encoding (Cp1252 actually) to copy filtered resources, i.e. build is platform dependent!
2019-01-02 19:06:34,310 [Worker-1475] INFO  o.e.m.c.i.embedder.EclipseLogger - skip non existing resourceDirectory C:\maven_test\my-calculator\src\main\resources
2019-01-02 19:06:34,311 [Worker-1475] WARN  o.e.m.c.i.embedder.EclipseLogger - Using platform encoding (Cp1252 actually) to copy filtered resources, i.e. build is platform dependent!
2019-01-02 19:06:34,313 [Worker-1475] INFO  o.e.m.c.i.embedder.EclipseLogger - skip non existing resourceDirectory C:\maven_test\my-calculator\src\test\resources
2019-01-02 19:06:46,984 [Worker-1478] WARN  o.e.m.c.i.embedder.EclipseLogger - Using platform encoding (Cp1252 actually) to copy filtered resources, i.e. build is platform dependent!
2019-01-02 19:06:46,985 [Worker-1478] INFO  o.e.m.c.i.embedder.EclipseLogger - skip non existing resourceDirectory C:\maven_test\my-calculator\src\main\resources
2019-01-02 19:06:46,986 [Worker-1478] WARN  o.e.m.c.i.embedder.EclipseLogger - Using platform encoding (Cp1252 actually) to copy filtered resources, i.e. build is platform dependent!
2019-01-02 19:06:46,987 [Worker-1478] INFO  o.e.m.c.i.embedder.EclipseLogger - skip non existing resourceDirectory C:\maven_test\my-calculator\src\test\resources
2019-01-02 19:06:57,094 [Worker-1473] WARN  o.e.m.c.i.embedder.EclipseLogger - Using platform encoding (Cp1252 actually) to copy filtered resources, i.e. build is platform dependent!
2019-01-02 19:06:57,096 [Worker-1473] INFO  o.e.m.c.i.embedder.EclipseLogger - skip non existing resourceDirectory C:\maven_test\my-calculator\src\main\resources
2019-01-02 19:06:57,096 [Worker-1473] WARN  o.e.m.c.i.embedder.EclipseLogger - Using platform encoding (Cp1252 actually) to copy filtered resources, i.e. build is platform dependent!
2019-01-02 19:06:57,097 [Worker-1473] INFO  o.e.m.c.i.embedder.EclipseLogger - skip non existing resourceDirectory C:\maven_test\my-calculator\src\test\resources
2019-01-02 19:10:12,498 [Worker-1474] WARN  o.e.m.c.i.embedder.EclipseLogger - Using platform encoding (Cp1252 actually) to copy filtered resources, i.e. build is platform dependent!
2019-01-02 19:10:12,499 [Worker-1474] INFO  o.e.m.c.i.embedder.EclipseLogger - skip non existing resourceDirectory C:\maven_test\my-calculator\src\main\resources
2019-01-02 19:10:12,500 [Worker-1474] WARN  o.e.m.c.i.embedder.EclipseLogger - Using platform encoding (Cp1252 actually) to copy filtered resources, i.e. build is platform dependent!
2019-01-02 19:10:12,501 [Worker-1474] INFO  o.e.m.c.i.embedder.EclipseLogger - skip non existing resourceDirectory C:\maven_test\my-calculator\src\test\resources
2019-01-02 19:10:34,280 [Worker-1462] WARN  o.e.m.c.i.embedder.EclipseLogger - Using platform encoding (Cp1252 actually) to copy filtered resources, i.e. build is platform dependent!
2019-01-02 19:10:34,282 [Worker-1462] INFO  o.e.m.c.i.embedder.EclipseLogger - skip non existing resourceDirectory C:\maven_test\my-calculator\src\main\resources
2019-01-02 19:10:34,285 [Worker-1462] WARN  o.e.m.c.i.embedder.EclipseLogger - Using platform encoding (Cp1252 actually) to copy filtered resources, i.e. build is platform dependent!
2019-01-02 19:10:34,286 [Worker-1462] INFO  o.e.m.c.i.embedder.EclipseLogger - skip non existing resourceDirectory C:\maven_test\my-calculator\src\test\resources
2019-01-02 19:11:02,026 [Worker-1474] WARN  o.e.m.c.i.embedder.EclipseLogger - Using platform encoding (Cp1252 actually) to copy filtered resources, i.e. build is platform dependent!
2019-01-02 19:11:02,027 [Worker-1474] INFO  o.e.m.c.i.embedder.EclipseLogger - skip non existing resourceDirectory C:\maven_test\my-calculator\src\main\resources
2019-01-02 19:11:02,028 [Worker-1474] WARN  o.e.m.c.i.embedder.EclipseLogger - Using platform encoding (Cp1252 actually) to copy filtered resources, i.e. build is platform dependent!
2019-01-02 19:11:02,029 [Worker-1474] INFO  o.e.m.c.i.embedder.EclipseLogger - skip non existing resourceDirectory C:\maven_test\my-calculator\src\test\resources
2019-01-02 19:11:36,673 [Worker-1480] WARN  o.e.m.c.i.embedder.EclipseLogger - Using platform encoding (Cp1252 actually) to copy filtered resources, i.e. build is platform dependent!
2019-01-02 19:11:36,674 [Worker-1480] INFO  o.e.m.c.i.embedder.EclipseLogger - skip non existing resourceDirectory C:\maven_test\my-calculator\src\main\resources
2019-01-02 19:11:36,675 [Worker-1480] WARN  o.e.m.c.i.embedder.EclipseLogger - Using platform encoding (Cp1252 actually) to copy filtered resources, i.e. build is platform dependent!
2019-01-02 19:11:36,676 [Worker-1480] INFO  o.e.m.c.i.embedder.EclipseLogger - skip non existing resourceDirectory C:\maven_test\my-calculator\src\test\resources
2019-01-02 19:12:01,556 [Worker-1481] WARN  o.e.m.c.i.embedder.EclipseLogger - Using platform encoding (Cp1252 actually) to copy filtered resources, i.e. build is platform dependent!
2019-01-02 19:12:01,558 [Worker-1481] INFO  o.e.m.c.i.embedder.EclipseLogger - skip non existing resourceDirectory C:\maven_test\my-calculator\src\main\resources
2019-01-02 19:12:01,558 [Worker-1481] WARN  o.e.m.c.i.embedder.EclipseLogger - Using platform encoding (Cp1252 actually) to copy filtered resources, i.e. build is platform dependent!
2019-01-02 19:12:01,560 [Worker-1481] INFO  o.e.m.c.i.embedder.EclipseLogger - skip non existing resourceDirectory C:\maven_test\my-calculator\src\test\resources
2019-01-02 19:12:38,065 [Worker-1475] WARN  o.e.m.c.i.embedder.EclipseLogger - Using platform encoding (Cp1252 actually) to copy filtered resources, i.e. build is platform dependent!
2019-01-02 19:12:38,067 [Worker-1475] INFO  o.e.m.c.i.embedder.EclipseLogger - skip non existing resourceDirectory C:\maven_test\my-calculator\src\main\resources
2019-01-02 19:12:38,068 [Worker-1475] WARN  o.e.m.c.i.embedder.EclipseLogger - Using platform encoding (Cp1252 actually) to copy filtered resources, i.e. build is platform dependent!
2019-01-02 19:12:38,069 [Worker-1475] INFO  o.e.m.c.i.embedder.EclipseLogger - skip non existing resourceDirectory C:\maven_test\my-calculator\src\test\resources
2019-01-02 19:14:30,851 [Worker-1471] WARN  o.e.m.c.i.embedder.EclipseLogger - Using platform encoding (Cp1252 actually) to copy filtered resources, i.e. build is platform dependent!
2019-01-02 19:14:30,851 [Worker-1471] INFO  o.e.m.c.i.embedder.EclipseLogger - skip non existing resourceDirectory C:\maven_test\my-calculator\src\main\resources
2019-01-02 19:14:30,852 [Worker-1471] WARN  o.e.m.c.i.embedder.EclipseLogger - Using platform encoding (Cp1252 actually) to copy filtered resources, i.e. build is platform dependent!
2019-01-02 19:14:30,853 [Worker-1471] INFO  o.e.m.c.i.embedder.EclipseLogger - skip non existing resourceDirectory C:\maven_test\my-calculator\src\test\resources
2019-01-03 16:32:38,594 [Worker-1718] INFO  o.e.m.c.i.l.LifecycleMappingFactory - Using org.eclipse.m2e.jdt.JarLifecycleMapping lifecycle mapping for MavenProject: com.capgemini.app:firstspringapp:1.0-SNAPSHOT @ C:\Users\tudeore\Desktop\firstspringapp\pom.xml.
2019-01-03 16:32:38,745 [Worker-1718] INFO  o.e.m.j.i.AbstractJavaProjectConfigurator - Adding source folder /firstspringapp/src/main/java
2019-01-03 16:32:38,747 [Worker-1718] INFO  o.e.m.j.i.AbstractJavaProjectConfigurator - Adding resource folder /firstspringapp/src/main/resources
2019-01-03 16:32:38,747 [Worker-1718] INFO  o.e.m.j.i.AbstractJavaProjectConfigurator - Adding source folder /firstspringapp/src/test/java
2019-01-03 16:32:38,830 [Worker-1718] INFO  o.e.m.c.i.p.ProjectConfigurationManager - Imported and configured 1 project(s) in 0 sec
2019-01-03 16:32:39,501 [Worker-1716] INFO  o.e.m.c.i.l.LifecycleMappingFactory - Using org.eclipse.m2e.jdt.JarLifecycleMapping lifecycle mapping for MavenProject: com.capgemini.app:firstspringapp:1.0-SNAPSHOT @ C:\Users\tudeore\Desktop\firstspringapp\pom.xml.
2019-01-03 16:32:39,580 [Worker-1716] WARN  o.e.m.c.i.embedder.EclipseLogger - Using platform encoding (Cp1252 actually) to copy filtered resources, i.e. build is platform dependent!
2019-01-03 16:32:39,621 [Worker-1716] INFO  o.e.m.c.i.embedder.EclipseLogger - Copying 1 resource
2019-01-03 16:32:39,642 [Worker-1716] WARN  o.e.m.c.i.embedder.EclipseLogger - Using platform encoding (Cp1252 actually) to copy filtered resources, i.e. build is platform dependent!
2019-01-03 16:32:39,643 [Worker-1716] INFO  o.e.m.c.i.embedder.EclipseLogger - skip non existing resourceDirectory C:\Users\tudeore\Desktop\firstspringapp\src\test\resources
2019-01-03 16:32:40,534 [Worker-1718] INFO  o.e.m.c.i.l.LifecycleMappingFactory - Using org.eclipse.m2e.jdt.JarLifecycleMapping lifecycle mapping for MavenProject: com.capgemini.app:firstspringapp:1.0-SNAPSHOT @ C:\Users\tudeore\Desktop\firstspringapp\pom.xml.
2019-01-03 16:32:40,806 [Worker-1714] WARN  o.e.m.c.i.embedder.EclipseLogger - Using platform encoding (Cp1252 actually) to copy filtered resources, i.e. build is platform dependent!
2019-01-03 16:32:40,811 [Worker-1714] INFO  o.e.m.c.i.embedder.EclipseLogger - Copying 0 resource
2019-01-03 16:32:40,813 [Worker-1714] WARN  o.e.m.c.i.embedder.EclipseLogger - Using platform encoding (Cp1252 actually) to copy filtered resources, i.e. build is platform dependent!
2019-01-03 16:32:40,816 [Worker-1714] INFO  o.e.m.c.i.embedder.EclipseLogger - skip non existing resourceDirectory C:\Users\tudeore\Desktop\firstspringapp\src\test\resources
2019-01-04 17:48:06,039 [Worker-4] INFO  o.e.m.c.i.l.LifecycleMappingFactory - Using org.eclipse.m2e.jdt.JarLifecycleMapping lifecycle mapping for MavenProject: com.capgemini.app:firstspringapp:1.0-SNAPSHOT @ C:\Users\tudeore\Desktop\firstspringapp\pom.xml.
2019-01-04 17:48:07,328 [Worker-4] WARN  o.e.m.c.i.embedder.EclipseLogger - Using platform encoding (Cp1252 actually) to copy filtered resources, i.e. build is platform dependent!
2019-01-04 17:48:07,365 [Worker-4] INFO  o.e.m.c.i.embedder.EclipseLogger - Copying 1 resource
2019-01-04 17:48:07,375 [Worker-4] WARN  o.e.m.c.i.embedder.EclipseLogger - Using platform encoding (Cp1252 actually) to copy filtered resources, i.e. build is platform dependent!
2019-01-04 17:48:07,378 [Worker-4] INFO  o.e.m.c.i.embedder.EclipseLogger - skip non existing resourceDirectory C:\Users\tudeore\Desktop\firstspringapp\src\test\resources
2019-01-04 17:48:09,657 [Worker-3] INFO  o.e.m.c.i.l.LifecycleMappingFactory - Using org.eclipse.m2e.jdt.JarLifecycleMapping lifecycle mapping for MavenProject: com.capgemini.app:firstspringapp:1.0-SNAPSHOT @ C:\Users\tudeore\Desktop\firstspringapp\pom.xml.
2019-01-04 17:48:09,916 [Worker-3] WARN  o.e.m.c.i.embedder.EclipseLogger - Using platform encoding (Cp1252 actually) to copy filtered resources, i.e. build is platform dependent!
2019-01-04 17:48:09,927 [Worker-3] INFO  o.e.m.c.i.embedder.EclipseLogger - Copying 2 resources
2019-01-04 17:48:09,937 [Worker-3] WARN  o.e.m.c.i.embedder.EclipseLogger - Using platform encoding (Cp1252 actually) to copy filtered resources, i.e. build is platform dependent!
2019-01-04 17:48:09,939 [Worker-3] INFO  o.e.m.c.i.embedder.EclipseLogger - skip non existing resourceDirectory C:\Users\tudeore\Desktop\firstspringapp\src\test\resources
2019-01-07 15:13:41,461 [Worker-1] WARN  o.e.m.c.i.embedder.EclipseLogger - Using platform encoding (Cp1252 actually) to copy filtered resources, i.e. build is platform dependent!
2019-01-07 15:13:41,482 [Worker-1] INFO  o.e.m.c.i.embedder.EclipseLogger - Copying 1 resource
2019-01-07 15:13:41,492 [Worker-1] WARN  o.e.m.c.i.embedder.EclipseLogger - Using platform encoding (Cp1252 actually) to copy filtered resources, i.e. build is platform dependent!
2019-01-07 15:13:41,497 [Worker-1] INFO  o.e.m.c.i.embedder.EclipseLogger - skip non existing resourceDirectory C:\Users\tudeore\Desktop\firstspringapp\src\test\resources
2019-01-07 15:13:41,575 [Worker-1] WARN  o.e.m.c.i.embedder.EclipseLogger - Using platform encoding (Cp1252 actually) to copy filtered resources, i.e. build is platform dependent!
2019-01-07 15:13:41,576 [Worker-1] INFO  o.e.m.c.i.embedder.EclipseLogger - skip non existing resourceDirectory C:\maven_test\my-app\src\main\resources
2019-01-07 15:13:41,577 [Worker-1] WARN  o.e.m.c.i.embedder.EclipseLogger - Using platform encoding (Cp1252 actually) to copy filtered resources, i.e. build is platform dependent!
2019-01-07 15:13:41,579 [Worker-1] INFO  o.e.m.c.i.embedder.EclipseLogger - skip non existing resourceDirectory C:\maven_test\my-app\src\test\resources
2019-01-07 15:13:41,642 [Worker-1] WARN  o.e.m.c.i.embedder.EclipseLogger - Using platform encoding (Cp1252 actually) to copy filtered resources, i.e. build is platform dependent!
2019-01-07 15:13:41,644 [Worker-1] INFO  o.e.m.c.i.embedder.EclipseLogger - skip non existing resourceDirectory C:\maven_test\my-calculator\src\main\resources
2019-01-07 15:13:41,645 [Worker-1] WARN  o.e.m.c.i.embedder.EclipseLogger - Using platform encoding (Cp1252 actually) to copy filtered resources, i.e. build is platform dependent!
2019-01-07 15:13:41,648 [Worker-1] INFO  o.e.m.c.i.embedder.EclipseLogger - skip non existing resourceDirectory C:\maven_test\my-calculator\src\test\resources
2019-01-10 09:47:43,103 [Worker-0] WARN  o.e.m.c.i.embedder.EclipseLogger - Using platform encoding (Cp1252 actually) to copy filtered resources, i.e. build is platform dependent!
2019-01-10 09:47:43,122 [Worker-0] INFO  o.e.m.c.i.embedder.EclipseLogger - Copying 1 resource
2019-01-10 09:47:43,147 [Worker-0] WARN  o.e.m.c.i.embedder.EclipseLogger - Using platform encoding (Cp1252 actually) to copy filtered resources, i.e. build is platform dependent!
2019-01-10 09:47:43,149 [Worker-0] INFO  o.e.m.c.i.embedder.EclipseLogger - skip non existing resourceDirectory C:\Users\tudeore\Desktop\firstspringapp\src\test\resources
2019-01-10 09:47:43,507 [Worker-4] WARN  o.e.m.c.i.embedder.EclipseLogger - Using platform encoding (Cp1252 actually) to copy filtered resources, i.e. build is platform dependent!
2019-01-10 09:47:43,513 [Worker-4] INFO  o.e.m.c.i.embedder.EclipseLogger - skip non existing resourceDirectory C:\maven_test\my-app\src\main\resources
2019-01-10 09:47:43,515 [Worker-4] WARN  o.e.m.c.i.embedder.EclipseLogger - Using platform encoding (Cp1252 actually) to copy filtered resources, i.e. build is platform dependent!
2019-01-10 09:47:43,517 [Worker-4] INFO  o.e.m.c.i.embedder.EclipseLogger - skip non existing resourceDirectory C:\maven_test\my-app\src\test\resources
2019-01-10 09:47:43,596 [Worker-4] WARN  o.e.m.c.i.embedder.EclipseLogger - Using platform encoding (Cp1252 actually) to copy filtered resources, i.e. build is platform dependent!
2019-01-10 09:47:43,598 [Worker-4] INFO  o.e.m.c.i.embedder.EclipseLogger - skip non existing resourceDirectory C:\maven_test\my-calculator\src\main\resources
2019-01-10 09:47:43,620 [Worker-4] WARN  o.e.m.c.i.embedder.EclipseLogger - Using platform encoding (Cp1252 actually) to copy filtered resources, i.e. build is platform dependent!
2019-01-10 09:47:43,622 [Worker-4] INFO  o.e.m.c.i.embedder.EclipseLogger - skip non existing resourceDirectory C:\maven_test\my-calculator\src\test\resources
2019-01-17 17:30:36,002 [Worker-3] WARN  o.e.m.c.i.embedder.EclipseLogger - Using platform encoding (Cp1252 actually) to copy filtered resources, i.e. build is platform dependent!
2019-01-17 17:30:36,023 [Worker-3] INFO  o.e.m.c.i.embedder.EclipseLogger - Copying 1 resource
2019-01-17 17:30:36,033 [Worker-3] WARN  o.e.m.c.i.embedder.EclipseLogger - Using platform encoding (Cp1252 actually) to copy filtered resources, i.e. build is platform dependent!
2019-01-17 17:30:36,035 [Worker-3] INFO  o.e.m.c.i.embedder.EclipseLogger - skip non existing resourceDirectory C:\Users\tudeore\Desktop\firstspringapp\src\test\resources
2019-01-17 17:30:36,116 [Worker-3] WARN  o.e.m.c.i.embedder.EclipseLogger - Using platform encoding (Cp1252 actually) to copy filtered resources, i.e. build is platform dependent!
2019-01-17 17:30:36,118 [Worker-3] INFO  o.e.m.c.i.embedder.EclipseLogger - skip non existing resourceDirectory C:\maven_test\my-app\src\main\resources
2019-01-17 17:30:36,120 [Worker-3] WARN  o.e.m.c.i.embedder.EclipseLogger - Using platform encoding (Cp1252 actually) to copy filtered resources, i.e. build is platform dependent!
2019-01-17 17:30:36,121 [Worker-3] INFO  o.e.m.c.i.embedder.EclipseLogger - skip non existing resourceDirectory C:\maven_test\my-app\src\test\resources
2019-01-17 17:30:36,183 [Worker-3] WARN  o.e.m.c.i.embedder.EclipseLogger - Using platform encoding (Cp1252 actually) to copy filtered resources, i.e. build is platform dependent!
2019-01-17 17:30:36,185 [Worker-3] INFO  o.e.m.c.i.embedder.EclipseLogger - skip non existing resourceDirectory C:\maven_test\my-calculator\src\main\resources
2019-01-17 17:30:36,187 [Worker-3] WARN  o.e.m.c.i.embedder.EclipseLogger - Using platform encoding (Cp1252 actually) to copy filtered resources, i.e. build is platform dependent!
2019-01-17 17:30:36,188 [Worker-3] INFO  o.e.m.c.i.embedder.EclipseLogger - skip non existing resourceDirectory C:\maven_test\my-calculator\src\test\resources
2019-01-21 16:15:51,859 [Worker-5] WARN  o.e.m.c.i.embedder.EclipseLogger - Using platform encoding (Cp1252 actually) to copy filtered resources, i.e. build is platform dependent!
2019-01-21 16:15:51,881 [Worker-5] INFO  o.e.m.c.i.embedder.EclipseLogger - Copying 1 resource
2019-01-21 16:15:51,894 [Worker-5] WARN  o.e.m.c.i.embedder.EclipseLogger - Using platform encoding (Cp1252 actually) to copy filtered resources, i.e. build is platform dependent!
2019-01-21 16:15:51,896 [Worker-5] INFO  o.e.m.c.i.embedder.EclipseLogger - skip non existing resourceDirectory C:\Users\tudeore\Desktop\firstspringapp\src\test\resources
2019-01-21 16:15:51,960 [Worker-5] WARN  o.e.m.c.i.embedder.EclipseLogger - Using platform encoding (Cp1252 actually) to copy filtered resources, i.e. build is platform dependent!
2019-01-21 16:15:51,961 [Worker-5] INFO  o.e.m.c.i.embedder.EclipseLogger - skip non existing resourceDirectory C:\maven_test\my-app\src\main\resources
2019-01-21 16:15:51,962 [Worker-5] WARN  o.e.m.c.i.embedder.EclipseLogger - Using platform encoding (Cp1252 actually) to copy filtered resources, i.e. build is platform dependent!
2019-01-21 16:15:51,964 [Worker-5] INFO  o.e.m.c.i.embedder.EclipseLogger - skip non existing resourceDirectory C:\maven_test\my-app\src\test\resources
2019-01-21 16:15:52,014 [Worker-5] WARN  o.e.m.c.i.embedder.EclipseLogger - Using platform encoding (Cp1252 actually) to copy filtered resources, i.e. build is platform dependent!
2019-01-21 16:15:52,016 [Worker-5] INFO  o.e.m.c.i.embedder.EclipseLogger - skip non existing resourceDirectory C:\maven_test\my-calculator\src\main\resources
2019-01-21 16:15:52,017 [Worker-5] WARN  o.e.m.c.i.embedder.EclipseLogger - Using platform encoding (Cp1252 actually) to copy filtered resources, i.e. build is platform dependent!
2019-01-21 16:15:52,020 [Worker-5] INFO  o.e.m.c.i.embedder.EclipseLogger - skip non existing resourceDirectory C:\maven_test\my-calculator\src\test\resources
2019-01-24 08:43:09,575 [Worker-5] WARN  o.e.m.c.i.embedder.EclipseLogger - Using platform encoding (Cp1252 actually) to copy filtered resources, i.e. build is platform dependent!
2019-01-24 08:43:09,610 [Worker-5] INFO  o.e.m.c.i.embedder.EclipseLogger - Copying 1 resource
2019-01-24 08:43:09,624 [Worker-5] WARN  o.e.m.c.i.embedder.EclipseLogger - Using platform encoding (Cp1252 actually) to copy filtered resources, i.e. build is platform dependent!
2019-01-24 08:43:09,626 [Worker-5] INFO  o.e.m.c.i.embedder.EclipseLogger - skip non existing resourceDirectory C:\Users\tudeore\Desktop\firstspringapp\src\test\resources
2019-01-24 08:43:09,713 [Worker-5] WARN  o.e.m.c.i.embedder.EclipseLogger - Using platform encoding (Cp1252 actually) to copy filtered resources, i.e. build is platform dependent!
2019-01-24 08:43:09,716 [Worker-5] INFO  o.e.m.c.i.embedder.EclipseLogger - skip non existing resourceDirectory C:\maven_test\my-app\src\main\resources
2019-01-24 08:43:09,718 [Worker-5] WARN  o.e.m.c.i.embedder.EclipseLogger - Using platform encoding (Cp1252 actually) to copy filtered resources, i.e. build is platform dependent!
2019-01-24 08:43:09,720 [Worker-5] INFO  o.e.m.c.i.embedder.EclipseLogger - skip non existing resourceDirectory C:\maven_test\my-app\src\test\resources
2019-01-24 08:43:09,796 [Worker-5] WARN  o.e.m.c.i.embedder.EclipseLogger - Using platform encoding (Cp1252 actually) to copy filtered resources, i.e. build is platform dependent!
2019-01-24 08:43:09,798 [Worker-5] INFO  o.e.m.c.i.embedder.EclipseLogger - skip non existing resourceDirectory C:\maven_test\my-calculator\src\main\resources
2019-01-24 08:43:09,800 [Worker-5] WARN  o.e.m.c.i.embedder.EclipseLogger - Using platform encoding (Cp1252 actually) to copy filtered resources, i.e. build is platform dependent!
2019-01-24 08:43:09,802 [Worker-5] INFO  o.e.m.c.i.embedder.EclipseLogger - skip non existing resourceDirectory C:\maven_test\my-calculator\src\test\resources
